#
# There is insufficient memory for the Java Runtime Environment to continue.
# Native memory allocation (malloc) failed to allocate 1419216 bytes for Chunk::new
# Possible reasons:
#   The system is out of physical RAM or swap space
#   The process is running with CompressedOops enabled, and the Java Heap may be blocking the growth of the native heap
# Possible solutions:
#   Reduce memory load on the system
#   Increase physical memory or swap space
#   Check if swap backing store is full
#   Decrease Java heap size (-Xmx/-Xms)
#   Decrease number of Java threads
#   Decrease Java thread stack sizes (-Xss)
#   Set larger code cache with -XX:ReservedCodeCacheSize=
#   JVM is running with Unscaled Compressed Oops mode in which the Java heap is
#     placed in the first 4GB address space. The Java Heap base address is the
#     maximum limit for the native heap growth. Please use -XX:HeapBaseMinAddress
#     to set the Java Heap base and to place the Java Heap above 4GB virtual address.
# This output file may be truncated or incomplete.
#
#  Out of Memory Error (./src/hotspot/share/memory/arena.cpp:197), pid=17512, tid=20516
#
# JRE version: OpenJDK Runtime Environment (11.0.12+7) (build 11.0.12+7-b1504.28-7817840)
# Java VM: OpenJDK 64-Bit Server VM (11.0.12+7-b1504.28-7817840, mixed mode, tiered, compressed oops, g1 gc, windows-amd64)
# No core dump will be written. Minidumps are not enabled by default on client versions of Windows
#

---------------  S U M M A R Y ------------

Command Line: --add-opens=java.base/java.util=ALL-UNNAMED --add-opens=java.base/java.lang=ALL-UNNAMED --add-opens=java.base/java.lang.invoke=ALL-UNNAMED --add-opens=java.base/java.util=ALL-UNNAMED --add-opens=java.prefs/java.util.prefs=ALL-UNNAMED --add-opens=java.prefs/java.util.prefs=ALL-UNNAMED --add-opens=java.base/java.nio.charset=ALL-UNNAMED --add-opens=java.base/java.net=ALL-UNNAMED --add-opens=java.base/java.util.concurrent.atomic=ALL-UNNAMED -Xmx2048m -Dfile.encoding=UTF-8 -Duser.country=RU -Duser.language=ru -Duser.variant org.gradle.launcher.daemon.bootstrap.GradleDaemon 7.3.3

Host: AMD Ryzen 5 3500U with Radeon Vega Mobile Gfx  , 8 cores, 6G,  Windows 10 , 64 bit Build 19041 (10.0.19041.1645)
Time: Sun May 15 17:13:48 2022 RTZ 2 (зима) elapsed time: 23.867089 seconds (0d 0h 0m 23s)

---------------  T H R E A D  ---------------

Current thread (0x0000013df3ae9000):  JavaThread "C2 CompilerThread1" daemon [_thread_in_native, id=20516, stack(0x00000023bb100000,0x00000023bb200000)]


Current CompileTask:
C2:  23867 5707       4       org.objectweb.asm.ClassReader::readMethod (1061 bytes)

Stack: [0x00000023bb100000,0x00000023bb200000]
Native frames: (J=compiled Java code, j=interpreted, Vv=VM code, C=native code)
V  [jvm.dll+0x5fbcea]
V  [jvm.dll+0x731905]
V  [jvm.dll+0x732f1d]
V  [jvm.dll+0x7335d3]
V  [jvm.dll+0x247bf8]
V  [jvm.dll+0xc018c]
V  [jvm.dll+0xc06cc]
V  [jvm.dll+0x35b31d]
V  [jvm.dll+0x19d0bc]
V  [jvm.dll+0x20070e]
V  [jvm.dll+0x1ff794]
V  [jvm.dll+0x18868c]
V  [jvm.dll+0x20e0d7]
V  [jvm.dll+0x20c901]
V  [jvm.dll+0x6f9b7f]
V  [jvm.dll+0x6f26a5]
V  [jvm.dll+0x5fabf6]
C  [ucrtbase.dll+0x21bb2]
C  [KERNEL32.DLL+0x17034]
C  [ntdll.dll+0x52651]


---------------  P R O C E S S  ---------------

Threads class SMR info:
_java_thread_list=0x0000013df11042a0, length=40, elements={
0x0000013dd142c800, 0x0000013deda1b000, 0x0000013deda28800, 0x0000013deda3d800,
0x0000013deda3e000, 0x0000013deda3f800, 0x0000013deda4c800, 0x0000013deda53000,
0x0000013deda56000, 0x0000013dee51e800, 0x0000013def44d800, 0x0000013def4b8800,
0x0000013defe2f800, 0x0000013def85f000, 0x0000013df0584800, 0x0000013defa40800,
0x0000013defa42000, 0x0000013def906800, 0x0000013deebad000, 0x0000013def9b7800,
0x0000013def9b5000, 0x0000013def9b6000, 0x0000013def9b6800, 0x0000013df0bb0000,
0x0000013df0baf000, 0x0000013df0bb6800, 0x0000013df0bb5000, 0x0000013df0bb0800,
0x0000013df0bb5800, 0x0000013df0bb3000, 0x0000013df0bb7800, 0x0000013df0bb1800,
0x0000013df0bb8000, 0x0000013df0bb2800, 0x0000013df0bb9000, 0x0000013df0bb9800,
0x0000013df0bb4000, 0x0000013df0bbd000, 0x0000013df0bba800, 0x0000013df3ae9000
}

Java Threads: ( => current thread )
  0x0000013dd142c800 JavaThread "main" [_thread_blocked, id=13108, stack(0x00000023b8a00000,0x00000023b8b00000)]
  0x0000013deda1b000 JavaThread "Reference Handler" daemon [_thread_blocked, id=1844, stack(0x00000023b9100000,0x00000023b9200000)]
  0x0000013deda28800 JavaThread "Finalizer" daemon [_thread_blocked, id=20900, stack(0x00000023b9200000,0x00000023b9300000)]
  0x0000013deda3d800 JavaThread "Signal Dispatcher" daemon [_thread_blocked, id=23532, stack(0x00000023b9300000,0x00000023b9400000)]
  0x0000013deda3e000 JavaThread "Attach Listener" daemon [_thread_blocked, id=21008, stack(0x00000023b9400000,0x00000023b9500000)]
  0x0000013deda3f800 JavaThread "Service Thread" daemon [_thread_blocked, id=8360, stack(0x00000023b9500000,0x00000023b9600000)]
  0x0000013deda4c800 JavaThread "C2 CompilerThread0" daemon [_thread_in_native, id=20276, stack(0x00000023b9600000,0x00000023b9700000)]
  0x0000013deda53000 JavaThread "C1 CompilerThread0" daemon [_thread_blocked, id=5384, stack(0x00000023b9700000,0x00000023b9800000)]
  0x0000013deda56000 JavaThread "Sweeper thread" daemon [_thread_blocked, id=20200, stack(0x00000023b9800000,0x00000023b9900000)]
  0x0000013dee51e800 JavaThread "Common-Cleaner" daemon [_thread_blocked, id=9132, stack(0x00000023b9900000,0x00000023b9a00000)]
  0x0000013def44d800 JavaThread "Daemon health stats" [_thread_blocked, id=9832, stack(0x00000023b9d00000,0x00000023b9e00000)]
  0x0000013def4b8800 JavaThread "Incoming local TCP Connector on port 64257" [_thread_in_native, id=10836, stack(0x00000023b9b00000,0x00000023b9c00000)]
  0x0000013defe2f800 JavaThread "Daemon periodic checks" [_thread_blocked, id=17024, stack(0x00000023b9e00000,0x00000023b9f00000)]
  0x0000013def85f000 JavaThread "Daemon" [_thread_blocked, id=11056, stack(0x00000023b9f00000,0x00000023ba000000)]
  0x0000013df0584800 JavaThread "Handler for socket connection from /127.0.0.1:64257 to /127.0.0.1:64258" [_thread_in_native, id=6764, stack(0x00000023ba000000,0x00000023ba100000)]
  0x0000013defa40800 JavaThread "Cancel handler" [_thread_blocked, id=12844, stack(0x00000023ba800000,0x00000023ba900000)]
  0x0000013defa42000 JavaThread "Daemon worker" [_thread_blocked, id=19332, stack(0x00000023ba900000,0x00000023baa00000)]
  0x0000013def906800 JavaThread "Asynchronous log dispatcher for DefaultDaemonConnection: socket connection from /127.0.0.1:64257 to /127.0.0.1:64258" [_thread_blocked, id=16596, stack(0x00000023baa00000,0x00000023bab00000)]
  0x0000013deebad000 JavaThread "Stdin handler" [_thread_blocked, id=22612, stack(0x00000023bab00000,0x00000023bac00000)]
  0x0000013def9b7800 JavaThread "Daemon client event forwarder" [_thread_blocked, id=15588, stack(0x00000023bac00000,0x00000023bad00000)]
  0x0000013def9b5000 JavaThread "Cache worker for journal cache (D:\Android\.gradle\caches\journal-1)" [_thread_blocked, id=21776, stack(0x00000023bad00000,0x00000023bae00000)]
  0x0000013def9b6000 JavaThread "File lock request listener" [_thread_in_native, id=11112, stack(0x00000023bae00000,0x00000023baf00000)]
  0x0000013def9b6800 JavaThread "Cache worker for file hash cache (D:\Android\.gradle\caches\7.3.3\fileHashes)" [_thread_blocked, id=16248, stack(0x00000023bb000000,0x00000023bb100000)]
  0x0000013df0bb0000 JavaThread "Cache worker for file hash cache (D:\Desktop\GitHub\CenterInvestCV\.gradle\7.3.3\fileHashes)" [_thread_blocked, id=18344, stack(0x00000023bb200000,0x00000023bb300000)]
  0x0000013df0baf000 JavaThread "File watcher server" daemon [_thread_in_native, id=11488, stack(0x00000023bb300000,0x00000023bb400000)]
  0x0000013df0bb6800 JavaThread "File watcher consumer" daemon [_thread_blocked, id=13852, stack(0x00000023bb400000,0x00000023bb500000)]
  0x0000013df0bb5000 JavaThread "jar transforms" [_thread_in_vm, id=2892, stack(0x00000023bb500000,0x00000023bb600000)]
  0x0000013df0bb0800 JavaThread "jar transforms Thread 2" [_thread_in_Java, id=20628, stack(0x00000023bb600000,0x00000023bb700000)]
  0x0000013df0bb5800 JavaThread "jar transforms Thread 3" [_thread_blocked, id=15532, stack(0x00000023bb700000,0x00000023bb800000)]
  0x0000013df0bb3000 JavaThread "jar transforms Thread 4" [_thread_blocked, id=17136, stack(0x00000023bb800000,0x00000023bb900000)]
  0x0000013df0bb7800 JavaThread "jar transforms Thread 5" [_thread_blocked, id=18180, stack(0x00000023bb900000,0x00000023bba00000)]
  0x0000013df0bb1800 JavaThread "jar transforms Thread 6" [_thread_blocked, id=18960, stack(0x00000023bba00000,0x00000023bbb00000)]
  0x0000013df0bb8000 JavaThread "jar transforms Thread 7" [_thread_blocked, id=18316, stack(0x00000023bbb00000,0x00000023bbc00000)]
  0x0000013df0bb2800 JavaThread "jar transforms Thread 8" [_thread_blocked, id=10284, stack(0x00000023bbc00000,0x00000023bbd00000)]
  0x0000013df0bb9000 JavaThread "Cache worker for checksums cache (D:\Desktop\GitHub\CenterInvestCV\.gradle\7.3.3\checksums)" [_thread_blocked, id=10296, stack(0x00000023bbd00000,0x00000023bbe00000)]
  0x0000013df0bb9800 JavaThread "Cache worker for cache directory md-supplier (D:\Android\.gradle\caches\7.3.3\md-supplier)" [_thread_blocked, id=20704, stack(0x00000023bbe00000,0x00000023bbf00000)]
  0x0000013df0bb4000 JavaThread "Cache worker for cache directory md-rule (D:\Android\.gradle\caches\7.3.3\md-rule)" [_thread_blocked, id=10516, stack(0x00000023bbf00000,0x00000023bc000000)]
  0x0000013df0bbd000 JavaThread "Cache worker for execution history cache (D:\Android\.gradle\caches\7.3.3\executionHistory)" [_thread_blocked, id=20408, stack(0x00000023bc000000,0x00000023bc100000)]
  0x0000013df0bba800 JavaThread "Cache worker for file content cache (D:\Android\.gradle\caches\7.3.3\fileContent)" [_thread_blocked, id=2916, stack(0x00000023bc100000,0x00000023bc200000)]
=>0x0000013df3ae9000 JavaThread "C2 CompilerThread1" daemon [_thread_in_native, id=20516, stack(0x00000023bb100000,0x00000023bb200000)]

Other Threads:
  0x0000013deda19000 VMThread "VM Thread" [stack: 0x00000023b9000000,0x00000023b9100000] [id=21780]
  0x0000013dee529800 WatcherThread [stack: 0x00000023b9a00000,0x00000023b9b00000] [id=9104]
  0x0000013dd15c6000 GCTaskThread "GC Thread#0" [stack: 0x00000023b8b00000,0x00000023b8c00000] [id=18400]
  0x0000013deebc7000 GCTaskThread "GC Thread#1" [stack: 0x00000023b9c00000,0x00000023b9d00000] [id=13816]
  0x0000013defc26000 GCTaskThread "GC Thread#2" [stack: 0x00000023ba100000,0x00000023ba200000] [id=14120]
  0x0000013defc28000 GCTaskThread "GC Thread#3" [stack: 0x00000023ba200000,0x00000023ba300000] [id=9808]
  0x0000013defc27800 GCTaskThread "GC Thread#4" [stack: 0x00000023ba300000,0x00000023ba400000] [id=17608]
  0x0000013defc29000 GCTaskThread "GC Thread#5" [stack: 0x00000023ba400000,0x00000023ba500000] [id=16516]
  0x0000013defc23000 GCTaskThread "GC Thread#6" [stack: 0x00000023ba500000,0x00000023ba600000] [id=10248]
  0x0000013defc29800 GCTaskThread "GC Thread#7" [stack: 0x00000023ba600000,0x00000023ba700000] [id=22064]
  0x0000013dd15f8000 ConcurrentGCThread "G1 Main Marker" [stack: 0x00000023b8c00000,0x00000023b8d00000] [id=20964]
  0x0000013dd15f9000 ConcurrentGCThread "G1 Conc#0" [stack: 0x00000023b8d00000,0x00000023b8e00000] [id=21484]
  0x0000013defc2a800 ConcurrentGCThread "G1 Conc#1" [stack: 0x00000023baf00000,0x00000023bb000000] [id=22672]
  0x0000013dd1687800 ConcurrentGCThread "G1 Refine#0" [stack: 0x00000023b8e00000,0x00000023b8f00000] [id=20876]
  0x0000013df0d3f000 ConcurrentGCThread "G1 Refine#1" [stack: 0x00000023ba700000,0x00000023ba800000] [id=18164]
  0x0000013dd1688800 ConcurrentGCThread "G1 Young RemSet Sampling" [stack: 0x00000023b8f00000,0x00000023b9000000] [id=20400]

Threads with active compile tasks:
C2 CompilerThread0  23899 5721 %     4       org.objectweb.asm.ClassReader::readCode @ 1738 (5109 bytes)
C2 CompilerThread1  23899 5707       4       org.objectweb.asm.ClassReader::readMethod (1061 bytes)

VM state:not at safepoint (normal execution)

VM Mutex/Monitor currently owned by a thread: None

Heap address: 0x0000000080000000, size: 2048 MB, Compressed Oops mode: 32-bit
Narrow klass base: 0x0000000000000000, Narrow klass shift: 3
Compressed class space size: 1073741824 Address: 0x0000000100000000

Heap:
 garbage-first heap   total 165888K, used 105611K [0x0000000080000000, 0x0000000100000000)
  region size 1024K, 48 young (49152K), 5 survivors (5120K)
 Metaspace       used 50256K, capacity 51542K, committed 51840K, reserved 1093632K
  class space    used 6464K, capacity 6946K, committed 7040K, reserved 1048576K
Heap Regions: E=young(eden), S=young(survivor), O=old, HS=humongous(starts), HC=humongous(continues), CS=collection set, F=free, A=archive, TAMS=top-at-mark-start (previous, next)
|   0|0x0000000080000000, 0x0000000080100000, 0x0000000080100000|100%| O|  |TAMS 0x0000000080100000, 0x0000000080000000| Untracked 
|   1|0x0000000080100000, 0x0000000080200000, 0x0000000080200000|100%| O|  |TAMS 0x0000000080200000, 0x0000000080100000| Untracked 
|   2|0x0000000080200000, 0x0000000080300000, 0x0000000080300000|100%| O|  |TAMS 0x0000000080300000, 0x0000000080200000| Untracked 
|   3|0x0000000080300000, 0x0000000080400000, 0x0000000080400000|100%|HS|  |TAMS 0x0000000080400000, 0x0000000080300000| Complete 
|   4|0x0000000080400000, 0x0000000080500000, 0x0000000080500000|100%|HC|  |TAMS 0x0000000080500000, 0x0000000080400000| Complete 
|   5|0x0000000080500000, 0x0000000080600000, 0x0000000080600000|100%|HC|  |TAMS 0x0000000080600000, 0x0000000080500000| Complete 
|   6|0x0000000080600000, 0x0000000080700000, 0x0000000080700000|100%| O|  |TAMS 0x0000000080700000, 0x0000000080600000| Untracked 
|   7|0x0000000080700000, 0x0000000080800000, 0x0000000080800000|100%| O|  |TAMS 0x0000000080800000, 0x0000000080700000| Untracked 
|   8|0x0000000080800000, 0x0000000080900000, 0x0000000080900000|100%| O|  |TAMS 0x0000000080900000, 0x0000000080800000| Untracked 
|   9|0x0000000080900000, 0x0000000080a00000, 0x0000000080a00000|100%| O|  |TAMS 0x0000000080a00000, 0x0000000080900000| Untracked 
|  10|0x0000000080a00000, 0x0000000080b00000, 0x0000000080b00000|100%| O|  |TAMS 0x0000000080b00000, 0x0000000080a00000| Untracked 
|  11|0x0000000080b00000, 0x0000000080c00000, 0x0000000080c00000|100%| O|  |TAMS 0x0000000080c00000, 0x0000000080b00000| Untracked 
|  12|0x0000000080c00000, 0x0000000080d00000, 0x0000000080d00000|100%| O|  |TAMS 0x0000000080d00000, 0x0000000080c00000| Untracked 
|  13|0x0000000080d00000, 0x0000000080e00000, 0x0000000080e00000|100%| O|  |TAMS 0x0000000080e00000, 0x0000000080d00000| Untracked 
|  14|0x0000000080e00000, 0x0000000080f00000, 0x0000000080f00000|100%| O|  |TAMS 0x0000000080f00000, 0x0000000080e00000| Untracked 
|  15|0x0000000080f00000, 0x0000000081000000, 0x0000000081000000|100%| O|  |TAMS 0x0000000081000000, 0x0000000080f00000| Untracked 
|  16|0x0000000081000000, 0x0000000081100000, 0x0000000081100000|100%|HS|  |TAMS 0x0000000081100000, 0x0000000081000000| Complete 
|  17|0x0000000081100000, 0x0000000081200000, 0x0000000081200000|100%|HC|  |TAMS 0x0000000081200000, 0x0000000081100000| Complete 
|  18|0x0000000081200000, 0x0000000081300000, 0x0000000081300000|100%|HS|  |TAMS 0x0000000081300000, 0x0000000081200000| Complete 
|  19|0x0000000081300000, 0x0000000081400000, 0x0000000081400000|100%|HC|  |TAMS 0x0000000081400000, 0x0000000081300000| Complete 
|  20|0x0000000081400000, 0x0000000081500000, 0x0000000081500000|100%|HC|  |TAMS 0x0000000081500000, 0x0000000081400000| Complete 
|  21|0x0000000081500000, 0x0000000081600000, 0x0000000081600000|100%|HS|  |TAMS 0x0000000081600000, 0x0000000081500000| Complete 
|  22|0x0000000081600000, 0x0000000081700000, 0x0000000081700000|100%|HS|  |TAMS 0x0000000081700000, 0x0000000081600000| Complete 
|  23|0x0000000081700000, 0x0000000081800000, 0x0000000081800000|100%|HC|  |TAMS 0x0000000081800000, 0x0000000081700000| Complete 
|  24|0x0000000081800000, 0x0000000081900000, 0x0000000081900000|100%|HC|  |TAMS 0x0000000081900000, 0x0000000081800000| Complete 
|  25|0x0000000081900000, 0x0000000081a00000, 0x0000000081a00000|100%|HC|  |TAMS 0x0000000081a00000, 0x0000000081900000| Complete 
|  26|0x0000000081a00000, 0x0000000081b00000, 0x0000000081b00000|100%| O|  |TAMS 0x0000000081b00000, 0x0000000081a00000| Untracked 
|  27|0x0000000081b00000, 0x0000000081c00000, 0x0000000081c00000|100%| O|  |TAMS 0x0000000081c00000, 0x0000000081b00000| Untracked 
|  28|0x0000000081c00000, 0x0000000081d00000, 0x0000000081d00000|100%| O|  |TAMS 0x0000000081d00000, 0x0000000081c00000| Untracked 
|  29|0x0000000081d00000, 0x0000000081e00000, 0x0000000081e00000|100%| O|  |TAMS 0x0000000081e00000, 0x0000000081d00000| Untracked 
|  30|0x0000000081e00000, 0x0000000081f00000, 0x0000000081f00000|100%| O|  |TAMS 0x0000000081f00000, 0x0000000081e00000| Untracked 
|  31|0x0000000081f00000, 0x0000000082000000, 0x0000000082000000|100%| O|  |TAMS 0x0000000082000000, 0x0000000081f00000| Untracked 
|  32|0x0000000082000000, 0x0000000082100000, 0x0000000082100000|100%| O|  |TAMS 0x0000000082100000, 0x0000000082000000| Untracked 
|  33|0x0000000082100000, 0x0000000082200000, 0x0000000082200000|100%| O|  |TAMS 0x0000000082200000, 0x0000000082100000| Untracked 
|  34|0x0000000082200000, 0x0000000082300000, 0x0000000082300000|100%| O|  |TAMS 0x0000000082300000, 0x0000000082200000| Untracked 
|  35|0x0000000082300000, 0x0000000082400000, 0x0000000082400000|100%| O|  |TAMS 0x0000000082400000, 0x0000000082300000| Untracked 
|  36|0x0000000082400000, 0x0000000082500000, 0x0000000082500000|100%| O|  |TAMS 0x0000000082500000, 0x0000000082400000| Untracked 
|  37|0x0000000082500000, 0x0000000082600000, 0x0000000082600000|100%| O|  |TAMS 0x0000000082600000, 0x0000000082500000| Untracked 
|  38|0x0000000082600000, 0x0000000082700000, 0x0000000082700000|100%| O|  |TAMS 0x0000000082700000, 0x0000000082600000| Untracked 
|  39|0x0000000082700000, 0x0000000082800000, 0x0000000082800000|100%| O|  |TAMS 0x0000000082800000, 0x0000000082700000| Untracked 
|  40|0x0000000082800000, 0x0000000082900000, 0x0000000082900000|100%| O|  |TAMS 0x0000000082900000, 0x0000000082800000| Untracked 
|  41|0x0000000082900000, 0x0000000082a00000, 0x0000000082a00000|100%| O|  |TAMS 0x0000000082a00000, 0x0000000082900000| Untracked 
|  42|0x0000000082a00000, 0x0000000082b00000, 0x0000000082b00000|100%|HS|  |TAMS 0x0000000082a00000, 0x0000000082a00000| Complete 
|  43|0x0000000082b00000, 0x0000000082c00000, 0x0000000082c00000|100%|HC|  |TAMS 0x0000000082b00000, 0x0000000082b00000| Complete 
|  44|0x0000000082c00000, 0x0000000082d00000, 0x0000000082d00000|100%|HC|  |TAMS 0x0000000082c00000, 0x0000000082c00000| Complete 
|  45|0x0000000082d00000, 0x0000000082e00000, 0x0000000082e00000|100%|HC|  |TAMS 0x0000000082d00000, 0x0000000082d00000| Complete 
|  46|0x0000000082e00000, 0x0000000082f00000, 0x0000000082f00000|100%| O|  |TAMS 0x0000000082f00000, 0x0000000082e00000| Untracked 
|  47|0x0000000082f00000, 0x0000000083000000, 0x0000000083000000|100%| O|  |TAMS 0x0000000082fa8e00, 0x0000000082f00000| Untracked 
|  48|0x0000000083000000, 0x0000000083100000, 0x0000000083100000|100%| O|  |TAMS 0x0000000083000000, 0x0000000083000000| Untracked 
|  49|0x0000000083100000, 0x0000000083200000, 0x0000000083200000|100%| O|  |TAMS 0x0000000083100000, 0x0000000083100000| Untracked 
|  50|0x0000000083200000, 0x0000000083300000, 0x0000000083300000|100%| O|  |TAMS 0x0000000083200000, 0x0000000083200000| Untracked 
|  51|0x0000000083300000, 0x0000000083400000, 0x0000000083400000|100%| O|  |TAMS 0x0000000083300000, 0x0000000083300000| Untracked 
|  52|0x0000000083400000, 0x00000000834f5600, 0x0000000083500000| 95%| O|  |TAMS 0x0000000083400000, 0x0000000083400000| Untracked 
|  53|0x0000000083500000, 0x0000000083500000, 0x0000000083600000|  0%| F|  |TAMS 0x0000000083500000, 0x0000000083500000| Untracked 
|  54|0x0000000083600000, 0x0000000083600000, 0x0000000083700000|  0%| F|  |TAMS 0x0000000083600000, 0x0000000083600000| Untracked 
|  55|0x0000000083700000, 0x0000000083800000, 0x0000000083800000|100%|HS|  |TAMS 0x0000000083700000, 0x0000000083700000| Complete 
|  56|0x0000000083800000, 0x0000000083900000, 0x0000000083900000|100%|HS|  |TAMS 0x0000000083800000, 0x0000000083800000| Complete 
|  57|0x0000000083900000, 0x0000000083a00000, 0x0000000083a00000|100%|HC|  |TAMS 0x0000000083900000, 0x0000000083900000| Complete 
|  58|0x0000000083a00000, 0x0000000083b00000, 0x0000000083b00000|100%|HC|  |TAMS 0x0000000083a00000, 0x0000000083a00000| Complete 
|  59|0x0000000083b00000, 0x0000000083b00000, 0x0000000083c00000|  0%| F|  |TAMS 0x0000000083b00000, 0x0000000083b00000| Untracked 
|  60|0x0000000083c00000, 0x0000000083c00000, 0x0000000083d00000|  0%| F|  |TAMS 0x0000000083c00000, 0x0000000083c00000| Untracked 
|  61|0x0000000083d00000, 0x0000000083d00000, 0x0000000083e00000|  0%| F|  |TAMS 0x0000000083d00000, 0x0000000083d00000| Untracked 
|  62|0x0000000083e00000, 0x0000000083e00000, 0x0000000083f00000|  0%| F|  |TAMS 0x0000000083e00000, 0x0000000083e00000| Untracked 
|  63|0x0000000083f00000, 0x0000000083f00000, 0x0000000084000000|  0%| F|  |TAMS 0x0000000083f00000, 0x0000000083f00000| Untracked 
|  64|0x0000000084000000, 0x0000000084000000, 0x0000000084100000|  0%| F|  |TAMS 0x0000000084000000, 0x0000000084000000| Untracked 
|  65|0x0000000084100000, 0x0000000084100000, 0x0000000084200000|  0%| F|  |TAMS 0x0000000084100000, 0x0000000084100000| Untracked 
|  66|0x0000000084200000, 0x0000000084200000, 0x0000000084300000|  0%| F|  |TAMS 0x0000000084200000, 0x0000000084200000| Untracked 
|  67|0x0000000084300000, 0x0000000084300000, 0x0000000084400000|  0%| F|  |TAMS 0x0000000084300000, 0x0000000084300000| Untracked 
|  68|0x0000000084400000, 0x0000000084400000, 0x0000000084500000|  0%| F|  |TAMS 0x0000000084400000, 0x0000000084400000| Untracked 
|  69|0x0000000084500000, 0x0000000084500000, 0x0000000084600000|  0%| F|  |TAMS 0x0000000084500000, 0x0000000084500000| Untracked 
|  70|0x0000000084600000, 0x0000000084600000, 0x0000000084700000|  0%| F|  |TAMS 0x0000000084600000, 0x0000000084600000| Untracked 
|  71|0x0000000084700000, 0x0000000084700000, 0x0000000084800000|  0%| F|  |TAMS 0x0000000084700000, 0x0000000084700000| Untracked 
|  72|0x0000000084800000, 0x0000000084800000, 0x0000000084900000|  0%| F|  |TAMS 0x0000000084800000, 0x0000000084800000| Untracked 
|  73|0x0000000084900000, 0x0000000084900000, 0x0000000084a00000|  0%| F|  |TAMS 0x0000000084900000, 0x0000000084900000| Untracked 
|  74|0x0000000084a00000, 0x0000000084a2d620, 0x0000000084b00000| 17%| S|CS|TAMS 0x0000000084a00000, 0x0000000084a00000| Complete 
|  75|0x0000000084b00000, 0x0000000084c00000, 0x0000000084c00000|100%| S|CS|TAMS 0x0000000084b00000, 0x0000000084b00000| Complete 
|  76|0x0000000084c00000, 0x0000000084c00000, 0x0000000084d00000|  0%| F|  |TAMS 0x0000000084c00000, 0x0000000084c00000| Untracked 
|  77|0x0000000084d00000, 0x0000000084e00000, 0x0000000084e00000|100%| S|CS|TAMS 0x0000000084d00000, 0x0000000084d00000| Complete 
|  78|0x0000000084e00000, 0x0000000084f00000, 0x0000000084f00000|100%| S|CS|TAMS 0x0000000084e00000, 0x0000000084e00000| Complete 
|  79|0x0000000084f00000, 0x0000000084f00000, 0x0000000085000000|  0%| F|  |TAMS 0x0000000084f00000, 0x0000000084f00000| Untracked 
|  80|0x0000000085000000, 0x0000000085000000, 0x0000000085100000|  0%| F|  |TAMS 0x0000000085000000, 0x0000000085000000| Untracked 
|  81|0x0000000085100000, 0x0000000085100000, 0x0000000085200000|  0%| F|  |TAMS 0x0000000085100000, 0x0000000085100000| Untracked 
|  82|0x0000000085200000, 0x0000000085300000, 0x0000000085300000|100%| S|CS|TAMS 0x0000000085200000, 0x0000000085200000| Complete 
|  83|0x0000000085300000, 0x0000000085300000, 0x0000000085400000|  0%| F|  |TAMS 0x0000000085300000, 0x0000000085300000| Untracked 
|  84|0x0000000085400000, 0x0000000085400000, 0x0000000085500000|  0%| F|  |TAMS 0x0000000085400000, 0x0000000085400000| Untracked 
|  85|0x0000000085500000, 0x0000000085500000, 0x0000000085600000|  0%| F|  |TAMS 0x0000000085500000, 0x0000000085500000| Untracked 
|  86|0x0000000085600000, 0x0000000085600000, 0x0000000085700000|  0%| F|  |TAMS 0x0000000085600000, 0x0000000085600000| Untracked 
|  87|0x0000000085700000, 0x0000000085700000, 0x0000000085800000|  0%| F|  |TAMS 0x0000000085700000, 0x0000000085700000| Untracked 
|  88|0x0000000085800000, 0x0000000085800000, 0x0000000085900000|  0%| F|  |TAMS 0x0000000085800000, 0x0000000085800000| Untracked 
|  89|0x0000000085900000, 0x0000000085900000, 0x0000000085a00000|  0%| F|  |TAMS 0x0000000085900000, 0x0000000085900000| Untracked 
|  90|0x0000000085a00000, 0x0000000085a00000, 0x0000000085b00000|  0%| F|  |TAMS 0x0000000085a00000, 0x0000000085a00000| Untracked 
|  91|0x0000000085b00000, 0x0000000085b00000, 0x0000000085c00000|  0%| F|  |TAMS 0x0000000085b00000, 0x0000000085b00000| Untracked 
|  92|0x0000000085c00000, 0x0000000085c00000, 0x0000000085d00000|  0%| F|  |TAMS 0x0000000085c00000, 0x0000000085c00000| Untracked 
|  93|0x0000000085d00000, 0x0000000085d00000, 0x0000000085e00000|  0%| F|  |TAMS 0x0000000085d00000, 0x0000000085d00000| Untracked 
|  94|0x0000000085e00000, 0x0000000085e00000, 0x0000000085f00000|  0%| F|  |TAMS 0x0000000085e00000, 0x0000000085e00000| Untracked 
|  95|0x0000000085f00000, 0x0000000085f00000, 0x0000000086000000|  0%| F|  |TAMS 0x0000000085f00000, 0x0000000085f00000| Untracked 
|  96|0x0000000086000000, 0x0000000086000000, 0x0000000086100000|  0%| F|  |TAMS 0x0000000086000000, 0x0000000086000000| Untracked 
|  97|0x0000000086100000, 0x0000000086100000, 0x0000000086200000|  0%| F|  |TAMS 0x0000000086100000, 0x0000000086100000| Untracked 
|  98|0x0000000086200000, 0x0000000086200000, 0x0000000086300000|  0%| F|  |TAMS 0x0000000086200000, 0x0000000086200000| Untracked 
|  99|0x0000000086300000, 0x0000000086300000, 0x0000000086400000|  0%| F|  |TAMS 0x0000000086300000, 0x0000000086300000| Untracked 
| 100|0x0000000086400000, 0x0000000086400000, 0x0000000086500000|  0%| F|  |TAMS 0x0000000086400000, 0x0000000086400000| Untracked 
| 101|0x0000000086500000, 0x0000000086500000, 0x0000000086600000|  0%| F|  |TAMS 0x0000000086500000, 0x0000000086500000| Untracked 
| 102|0x0000000086600000, 0x0000000086600000, 0x0000000086700000|  0%| F|  |TAMS 0x0000000086600000, 0x0000000086600000| Untracked 
| 103|0x0000000086700000, 0x0000000086700000, 0x0000000086800000|  0%| F|  |TAMS 0x0000000086700000, 0x0000000086700000| Untracked 
| 104|0x0000000086800000, 0x0000000086800000, 0x0000000086900000|  0%| F|  |TAMS 0x0000000086800000, 0x0000000086800000| Untracked 
| 105|0x0000000086900000, 0x0000000086900000, 0x0000000086a00000|  0%| F|  |TAMS 0x0000000086900000, 0x0000000086900000| Untracked 
| 106|0x0000000086a00000, 0x0000000086a00000, 0x0000000086b00000|  0%| F|  |TAMS 0x0000000086a00000, 0x0000000086a00000| Untracked 
| 107|0x0000000086b00000, 0x0000000086b00000, 0x0000000086c00000|  0%| F|  |TAMS 0x0000000086b00000, 0x0000000086b00000| Untracked 
| 108|0x0000000086c00000, 0x0000000086c00000, 0x0000000086d00000|  0%| F|  |TAMS 0x0000000086c00000, 0x0000000086c00000| Untracked 
| 109|0x0000000086d00000, 0x0000000086d00000, 0x0000000086e00000|  0%| F|  |TAMS 0x0000000086d00000, 0x0000000086d00000| Untracked 
| 110|0x0000000086e00000, 0x0000000086e00000, 0x0000000086f00000|  0%| F|  |TAMS 0x0000000086e00000, 0x0000000086e00000| Untracked 
| 111|0x0000000086f00000, 0x0000000086f00000, 0x0000000087000000|  0%| F|  |TAMS 0x0000000086f00000, 0x0000000086f00000| Untracked 
| 112|0x0000000087000000, 0x0000000087000000, 0x0000000087100000|  0%| F|  |TAMS 0x0000000087000000, 0x0000000087000000| Untracked 
| 113|0x0000000087100000, 0x0000000087100000, 0x0000000087200000|  0%| F|  |TAMS 0x0000000087100000, 0x0000000087100000| Untracked 
| 114|0x0000000087200000, 0x0000000087200000, 0x0000000087300000|  0%| F|  |TAMS 0x0000000087200000, 0x0000000087200000| Untracked 
| 115|0x0000000087300000, 0x0000000087380e68, 0x0000000087400000| 50%| E|  |TAMS 0x0000000087300000, 0x0000000087300000| Complete 
| 116|0x0000000087400000, 0x0000000087500000, 0x0000000087500000|100%| E|CS|TAMS 0x0000000087400000, 0x0000000087400000| Complete 
| 117|0x0000000087500000, 0x0000000087600000, 0x0000000087600000|100%| E|CS|TAMS 0x0000000087500000, 0x0000000087500000| Complete 
| 118|0x0000000087600000, 0x0000000087700000, 0x0000000087700000|100%| E|CS|TAMS 0x0000000087600000, 0x0000000087600000| Complete 
| 119|0x0000000087700000, 0x0000000087800000, 0x0000000087800000|100%| E|CS|TAMS 0x0000000087700000, 0x0000000087700000| Complete 
| 120|0x0000000087800000, 0x0000000087900000, 0x0000000087900000|100%| E|CS|TAMS 0x0000000087800000, 0x0000000087800000| Complete 
| 121|0x0000000087900000, 0x0000000087a00000, 0x0000000087a00000|100%| E|CS|TAMS 0x0000000087900000, 0x0000000087900000| Complete 
| 122|0x0000000087a00000, 0x0000000087b00000, 0x0000000087b00000|100%| E|CS|TAMS 0x0000000087a00000, 0x0000000087a00000| Complete 
| 123|0x0000000087b00000, 0x0000000087c00000, 0x0000000087c00000|100%| E|CS|TAMS 0x0000000087b00000, 0x0000000087b00000| Complete 
| 124|0x0000000087c00000, 0x0000000087d00000, 0x0000000087d00000|100%| E|CS|TAMS 0x0000000087c00000, 0x0000000087c00000| Complete 
| 125|0x0000000087d00000, 0x0000000087e00000, 0x0000000087e00000|100%| E|CS|TAMS 0x0000000087d00000, 0x0000000087d00000| Complete 
| 126|0x0000000087e00000, 0x0000000087f00000, 0x0000000087f00000|100%| E|CS|TAMS 0x0000000087e00000, 0x0000000087e00000| Complete 
| 127|0x0000000087f00000, 0x0000000088000000, 0x0000000088000000|100%| E|CS|TAMS 0x0000000087f00000, 0x0000000087f00000| Complete 
| 128|0x0000000088000000, 0x0000000088100000, 0x0000000088100000|100%| E|CS|TAMS 0x0000000088000000, 0x0000000088000000| Complete 
| 129|0x0000000088100000, 0x0000000088200000, 0x0000000088200000|100%| E|CS|TAMS 0x0000000088100000, 0x0000000088100000| Complete 
| 130|0x0000000088200000, 0x0000000088300000, 0x0000000088300000|100%| E|CS|TAMS 0x0000000088200000, 0x0000000088200000| Complete 
| 131|0x0000000088300000, 0x0000000088400000, 0x0000000088400000|100%| E|CS|TAMS 0x0000000088300000, 0x0000000088300000| Complete 
| 132|0x0000000088400000, 0x0000000088500000, 0x0000000088500000|100%| E|CS|TAMS 0x0000000088400000, 0x0000000088400000| Complete 
| 133|0x0000000088500000, 0x0000000088600000, 0x0000000088600000|100%| E|CS|TAMS 0x0000000088500000, 0x0000000088500000| Complete 
| 134|0x0000000088600000, 0x0000000088700000, 0x0000000088700000|100%| E|CS|TAMS 0x0000000088600000, 0x0000000088600000| Complete 
| 135|0x0000000088700000, 0x0000000088800000, 0x0000000088800000|100%| E|CS|TAMS 0x0000000088700000, 0x0000000088700000| Complete 
| 136|0x0000000088800000, 0x0000000088900000, 0x0000000088900000|100%| E|CS|TAMS 0x0000000088800000, 0x0000000088800000| Complete 
| 137|0x0000000088900000, 0x0000000088a00000, 0x0000000088a00000|100%| E|CS|TAMS 0x0000000088900000, 0x0000000088900000| Complete 
| 138|0x0000000088a00000, 0x0000000088b00000, 0x0000000088b00000|100%| E|CS|TAMS 0x0000000088a00000, 0x0000000088a00000| Complete 
| 139|0x0000000088b00000, 0x0000000088c00000, 0x0000000088c00000|100%| E|CS|TAMS 0x0000000088b00000, 0x0000000088b00000| Complete 
| 140|0x0000000088c00000, 0x0000000088d00000, 0x0000000088d00000|100%| E|CS|TAMS 0x0000000088c00000, 0x0000000088c00000| Complete 
| 141|0x0000000088d00000, 0x0000000088e00000, 0x0000000088e00000|100%| E|CS|TAMS 0x0000000088d00000, 0x0000000088d00000| Complete 
| 142|0x0000000088e00000, 0x0000000088f00000, 0x0000000088f00000|100%| E|CS|TAMS 0x0000000088e00000, 0x0000000088e00000| Complete 
| 143|0x0000000088f00000, 0x0000000089000000, 0x0000000089000000|100%| E|CS|TAMS 0x0000000088f00000, 0x0000000088f00000| Complete 
| 144|0x0000000089000000, 0x0000000089100000, 0x0000000089100000|100%| E|CS|TAMS 0x0000000089000000, 0x0000000089000000| Complete 
| 145|0x0000000089100000, 0x0000000089200000, 0x0000000089200000|100%| E|CS|TAMS 0x0000000089100000, 0x0000000089100000| Complete 
| 146|0x0000000089200000, 0x0000000089300000, 0x0000000089300000|100%| E|CS|TAMS 0x0000000089200000, 0x0000000089200000| Complete 
| 147|0x0000000089300000, 0x0000000089400000, 0x0000000089400000|100%| E|CS|TAMS 0x0000000089300000, 0x0000000089300000| Complete 
| 148|0x0000000089400000, 0x0000000089500000, 0x0000000089500000|100%| E|CS|TAMS 0x0000000089400000, 0x0000000089400000| Complete 
| 149|0x0000000089500000, 0x0000000089600000, 0x0000000089600000|100%| E|CS|TAMS 0x0000000089500000, 0x0000000089500000| Complete 
| 150|0x0000000089600000, 0x0000000089700000, 0x0000000089700000|100%| E|CS|TAMS 0x0000000089600000, 0x0000000089600000| Complete 
| 151|0x0000000089700000, 0x0000000089800000, 0x0000000089800000|100%| E|CS|TAMS 0x0000000089700000, 0x0000000089700000| Complete 
| 152|0x0000000089800000, 0x0000000089900000, 0x0000000089900000|100%| E|CS|TAMS 0x0000000089800000, 0x0000000089800000| Complete 
| 153|0x0000000089900000, 0x0000000089a00000, 0x0000000089a00000|100%| E|CS|TAMS 0x0000000089900000, 0x0000000089900000| Complete 
| 154|0x0000000089a00000, 0x0000000089b00000, 0x0000000089b00000|100%| E|CS|TAMS 0x0000000089a00000, 0x0000000089a00000| Complete 
| 155|0x0000000089b00000, 0x0000000089c00000, 0x0000000089c00000|100%| E|CS|TAMS 0x0000000089b00000, 0x0000000089b00000| Complete 
| 156|0x0000000089c00000, 0x0000000089d00000, 0x0000000089d00000|100%| E|CS|TAMS 0x0000000089c00000, 0x0000000089c00000| Complete 
| 157|0x0000000089d00000, 0x0000000089e00000, 0x0000000089e00000|100%| E|CS|TAMS 0x0000000089d00000, 0x0000000089d00000| Complete 
| 158|0x0000000089e00000, 0x0000000089f00000, 0x0000000089f00000|100%| E|CS|TAMS 0x0000000089e00000, 0x0000000089e00000| Complete 
| 159|0x0000000089f00000, 0x000000008a000000, 0x000000008a000000|100%| E|CS|TAMS 0x0000000089f00000, 0x0000000089f00000| Complete 
| 160|0x000000008a000000, 0x000000008a100000, 0x000000008a100000|100%| E|CS|TAMS 0x000000008a000000, 0x000000008a000000| Complete 
| 161|0x000000008a100000, 0x000000008a200000, 0x000000008a200000|100%| E|CS|TAMS 0x000000008a100000, 0x000000008a100000| Complete 

Card table byte_map: [0x0000013de6750000,0x0000013de6b50000] _byte_map_base: 0x0000013de6350000

Marking Bits (Prev, Next): (CMBitMap*) 0x0000013dd15ef1b8, (CMBitMap*) 0x0000013dd15ef1f0
 Prev Bits: [0x0000013de6f50000, 0x0000013de8f50000)
 Next Bits: [0x0000013de8f50000, 0x0000013deaf50000)

Polling page: 0x0000013dd1690000

Metaspace:

Usage:
  Non-class:     43.55 MB capacity,    42.77 MB ( 98%) used,   669.14 KB (  2%) free+waste,   134.69 KB ( <1%) overhead. 
      Class:      6.78 MB capacity,     6.31 MB ( 93%) used,   417.09 KB (  6%) free+waste,    64.44 KB ( <1%) overhead. 
       Both:     50.33 MB capacity,    49.08 MB ( 98%) used,     1.06 MB (  2%) free+waste,   199.13 KB ( <1%) overhead. 

Virtual space:
  Non-class space:       44.00 MB reserved,      43.75 MB (>99%) committed 
      Class space:        1.00 GB reserved,       6.88 MB ( <1%) committed 
             Both:        1.04 GB reserved,      50.63 MB (  5%) committed 

Chunk freelists:
   Non-Class:  12.00 KB
       Class:  0 bytes
        Both:  12.00 KB

MaxMetaspaceSize: 17179869184.00 GB
CompressedClassSpaceSize: 1.00 GB
Initial GC threshold: 20.80 MB
Current GC threshold: 75.21 MB
CDS: off

CodeHeap 'non-profiled nmethods': size=120000Kb used=3312Kb max_used=3312Kb free=116687Kb
 bounds [0x0000013dde3a0000, 0x0000013dde6e0000, 0x0000013de58d0000]
CodeHeap 'profiled nmethods': size=120000Kb used=12622Kb max_used=12622Kb free=107377Kb
 bounds [0x0000013dd6e70000, 0x0000013dd7ad0000, 0x0000013dde3a0000]
CodeHeap 'non-nmethods': size=5760Kb used=2296Kb max_used=2350Kb free=3463Kb
 bounds [0x0000013dd68d0000, 0x0000013dd6b40000, 0x0000013dd6e70000]
 total_blobs=6358 nmethods=5560 adapters=709
 compilation: enabled
              stopped_count=0, restarted_count=0
 full_count=0

Compilation events (20 events):
Event: 23.629 Thread 0x0000013deda53000 5717       2       org.objectweb.asm.AnnotationWriter::visitArray (62 bytes)
Event: 23.629 Thread 0x0000013deda53000 nmethod 5717 0x0000013dd7aadf10 code [0x0000013dd7aae100, 0x0000013dd7aae338]
Event: 23.630 Thread 0x0000013deda53000 5719       2       org.objectweb.asm.ClassReader::readCode (5109 bytes)
Event: 23.658 Thread 0x0000013deda53000 nmethod 5719 0x0000013dd7aae490 code [0x0000013dd7aaf000, 0x0000013dd7ab75f8]
Event: 23.658 Thread 0x0000013deda53000 5720 %     3       org.objectweb.asm.ClassReader::readParameterAnnotations @ 54 (106 bytes)
Event: 23.659 Thread 0x0000013deda53000 nmethod 5720% 0x0000013dd7abf310 code [0x0000013dd7abf540, 0x0000013dd7abfe98]
Event: 23.668 Thread 0x0000013deda4c800 nmethod 5689 0x0000013dde6cdd90 code [0x0000013dde6ce4c0, 0x0000013dde6d7598]
Event: 23.670 Thread 0x0000013deda4c800 5721 %     4       org.objectweb.asm.ClassReader::readCode @ 1738 (5109 bytes)
Event: 23.675 Thread 0x0000013deda53000 5723       2       org.objectweb.asm.ClassVisitor::visitNestHost (35 bytes)
Event: 23.676 Thread 0x0000013deda53000 nmethod 5723 0x0000013dd7ac0310 code [0x0000013dd7ac04e0, 0x0000013dd7ac06d8]
Event: 23.682 Thread 0x0000013deda53000 5724 %     3       org.apache.tools.zip.ZipOutputStream::deflateUntilInputIsNeeded @ 0 (18 bytes)
Event: 23.683 Thread 0x0000013deda53000 nmethod 5724% 0x0000013dd7ac0810 code [0x0000013dd7ac0a20, 0x0000013dd7ac0e68]
Event: 23.708 Thread 0x0000013deda53000 5725       2       org.objectweb.asm.ClassWriter::visitNestMember (48 bytes)
Event: 23.709 Thread 0x0000013deda53000 nmethod 5725 0x0000013dd7ac1090 code [0x0000013dd7ac1260, 0x0000013dd7ac1598]
Event: 23.729 Thread 0x0000013deda53000 5726       2       org.objectweb.asm.MethodWriter::visitLookupSwitchInsn (114 bytes)
Event: 23.730 Thread 0x0000013deda53000 nmethod 5726 0x0000013dd7ac1710 code [0x0000013dd7ac1920, 0x0000013dd7ac1ca8]
Event: 23.731 Thread 0x0000013deda53000 5727       2       org.objectweb.asm.ClassWriter::visitNestHost (16 bytes)
Event: 23.731 Thread 0x0000013deda53000 nmethod 5727 0x0000013dd7ac2010 code [0x0000013dd7ac21c0, 0x0000013dd7ac2308]
Event: 23.736 Thread 0x0000013deda53000 5728 %     3       java.util.StringTokenizer::setMaxDelimCodePoint @ 20 (156 bytes)
Event: 23.738 Thread 0x0000013deda53000 nmethod 5728% 0x0000013dd7ac2410 code [0x0000013dd7ac26a0, 0x0000013dd7ac3458]

GC Heap History (20 events):
Event: 21.431 GC heap before
{Heap before GC invocations=24 (full 0):
 garbage-first heap   total 114688K, used 93672K [0x0000000080000000, 0x0000000100000000)
  region size 1024K, 44 young (45056K), 5 survivors (5120K)
 Metaspace       used 49626K, capacity 50852K, committed 50944K, reserved 1093632K
  class space    used 6423K, capacity 6890K, committed 6912K, reserved 1048576K
}
Event: 21.443 GC heap after
{Heap after GC invocations=25 (full 0):
 garbage-first heap   total 138240K, used 54850K [0x0000000080000000, 0x0000000100000000)
  region size 1024K, 4 young (4096K), 4 survivors (4096K)
 Metaspace       used 49626K, capacity 50852K, committed 50944K, reserved 1093632K
  class space    used 6423K, capacity 6890K, committed 6912K, reserved 1048576K
}
Event: 22.087 GC heap before
{Heap before GC invocations=25 (full 0):
 garbage-first heap   total 138240K, used 111170K [0x0000000080000000, 0x0000000100000000)
  region size 1024K, 52 young (53248K), 4 survivors (4096K)
 Metaspace       used 50017K, capacity 51349K, committed 51584K, reserved 1093632K
  class space    used 6463K, capacity 6946K, committed 7040K, reserved 1048576K
}
Event: 22.093 GC heap after
{Heap after GC invocations=26 (full 0):
 garbage-first heap   total 138240K, used 60413K [0x0000000080000000, 0x0000000100000000)
  region size 1024K, 5 young (5120K), 5 survivors (5120K)
 Metaspace       used 50017K, capacity 51349K, committed 51584K, reserved 1093632K
  class space    used 6463K, capacity 6946K, committed 7040K, reserved 1048576K
}
Event: 22.373 GC heap before
{Heap before GC invocations=26 (full 0):
 garbage-first heap   total 138240K, used 107517K [0x0000000080000000, 0x0000000100000000)
  region size 1024K, 52 young (53248K), 5 survivors (5120K)
 Metaspace       used 50027K, capacity 51349K, committed 51584K, reserved 1093632K
  class space    used 6463K, capacity 6946K, committed 7040K, reserved 1048576K
}
Event: 22.378 GC heap after
{Heap after GC invocations=27 (full 0):
 garbage-first heap   total 138240K, used 60815K [0x0000000080000000, 0x0000000100000000)
  region size 1024K, 4 young (4096K), 4 survivors (4096K)
 Metaspace       used 50027K, capacity 51349K, committed 51584K, reserved 1093632K
  class space    used 6463K, capacity 6946K, committed 7040K, reserved 1048576K
}
Event: 22.651 GC heap before
{Heap before GC invocations=27 (full 0):
 garbage-first heap   total 138240K, used 107919K [0x0000000080000000, 0x0000000100000000)
  region size 1024K, 51 young (52224K), 4 survivors (4096K)
 Metaspace       used 50204K, capacity 51477K, committed 51584K, reserved 1093632K
  class space    used 6463K, capacity 6946K, committed 7040K, reserved 1048576K
}
Event: 22.655 GC heap after
{Heap after GC invocations=28 (full 0):
 garbage-first heap   total 138240K, used 60609K [0x0000000080000000, 0x0000000100000000)
  region size 1024K, 4 young (4096K), 4 survivors (4096K)
 Metaspace       used 50204K, capacity 51477K, committed 51584K, reserved 1093632K
  class space    used 6463K, capacity 6946K, committed 7040K, reserved 1048576K
}
Event: 22.827 GC heap before
{Heap before GC invocations=28 (full 0):
 garbage-first heap   total 138240K, used 109761K [0x0000000080000000, 0x0000000100000000)
  region size 1024K, 53 young (54272K), 4 survivors (4096K)
 Metaspace       used 50240K, capacity 51542K, committed 51840K, reserved 1093632K
  class space    used 6463K, capacity 6946K, committed 7040K, reserved 1048576K
}
Event: 22.830 GC heap after
{Heap after GC invocations=29 (full 0):
 garbage-first heap   total 138240K, used 60540K [0x0000000080000000, 0x0000000100000000)
  region size 1024K, 3 young (3072K), 3 survivors (3072K)
 Metaspace       used 50240K, capacity 51542K, committed 51840K, reserved 1093632K
  class space    used 6463K, capacity 6946K, committed 7040K, reserved 1048576K
}
Event: 23.032 GC heap before
{Heap before GC invocations=29 (full 0):
 garbage-first heap   total 138240K, used 111740K [0x0000000080000000, 0x0000000100000000)
  region size 1024K, 54 young (55296K), 3 survivors (3072K)
 Metaspace       used 50244K, capacity 51542K, committed 51840K, reserved 1093632K
  class space    used 6463K, capacity 6946K, committed 7040K, reserved 1048576K
}
Event: 23.036 GC heap after
{Heap after GC invocations=30 (full 0):
 garbage-first heap   total 138240K, used 60831K [0x0000000080000000, 0x0000000100000000)
  region size 1024K, 4 young (4096K), 4 survivors (4096K)
 Metaspace       used 50244K, capacity 51542K, committed 51840K, reserved 1093632K
  class space    used 6463K, capacity 6946K, committed 7040K, reserved 1048576K
}
Event: 23.275 GC heap before
{Heap before GC invocations=30 (full 0):
 garbage-first heap   total 138240K, used 113055K [0x0000000080000000, 0x0000000100000000)
  region size 1024K, 55 young (56320K), 4 survivors (4096K)
 Metaspace       used 50246K, capacity 51542K, committed 51840K, reserved 1093632K
  class space    used 6463K, capacity 6946K, committed 7040K, reserved 1048576K
}
Event: 23.278 GC heap after
{Heap after GC invocations=31 (full 0):
 garbage-first heap   total 138240K, used 61254K [0x0000000080000000, 0x0000000100000000)
  region size 1024K, 4 young (4096K), 4 survivors (4096K)
 Metaspace       used 50246K, capacity 51542K, committed 51840K, reserved 1093632K
  class space    used 6463K, capacity 6946K, committed 7040K, reserved 1048576K
}
Event: 23.444 GC heap before
{Heap before GC invocations=31 (full 0):
 garbage-first heap   total 138240K, used 114502K [0x0000000080000000, 0x0000000100000000)
  region size 1024K, 56 young (57344K), 4 survivors (4096K)
 Metaspace       used 50252K, capacity 51542K, committed 51840K, reserved 1093632K
  class space    used 6464K, capacity 6946K, committed 7040K, reserved 1048576K
}
Event: 23.447 GC heap after
{Heap after GC invocations=32 (full 0):
 garbage-first heap   total 138240K, used 61787K [0x0000000080000000, 0x0000000100000000)
  region size 1024K, 5 young (5120K), 5 survivors (5120K)
 Metaspace       used 50252K, capacity 51542K, committed 51840K, reserved 1093632K
  class space    used 6464K, capacity 6946K, committed 7040K, reserved 1048576K
}
Event: 23.621 GC heap before
{Heap before GC invocations=32 (full 0):
 garbage-first heap   total 138240K, used 114011K [0x0000000080000000, 0x0000000100000000)
  region size 1024K, 57 young (58368K), 5 survivors (5120K)
 Metaspace       used 50253K, capacity 51542K, committed 51840K, reserved 1093632K
  class space    used 6464K, capacity 6946K, committed 7040K, reserved 1048576K
}
Event: 23.625 GC heap after
{Heap after GC invocations=33 (full 0):
 garbage-first heap   total 138240K, used 61983K [0x0000000080000000, 0x0000000100000000)
  region size 1024K, 5 young (5120K), 5 survivors (5120K)
 Metaspace       used 50253K, capacity 51542K, committed 51840K, reserved 1093632K
  class space    used 6464K, capacity 6946K, committed 7040K, reserved 1048576K
}
Event: 23.788 GC heap before
{Heap before GC invocations=33 (full 0):
 garbage-first heap   total 138240K, used 114207K [0x0000000080000000, 0x0000000100000000)
  region size 1024K, 57 young (58368K), 5 survivors (5120K)
 Metaspace       used 50256K, capacity 51542K, committed 51840K, reserved 1093632K
  class space    used 6464K, capacity 6946K, committed 7040K, reserved 1048576K
}
Event: 23.793 GC heap after
{Heap after GC invocations=34 (full 0):
 garbage-first heap   total 165888K, used 62603K [0x0000000080000000, 0x0000000100000000)
  region size 1024K, 5 young (5120K), 5 survivors (5120K)
 Metaspace       used 50256K, capacity 51542K, committed 51840K, reserved 1093632K
  class space    used 6464K, capacity 6946K, committed 7040K, reserved 1048576K
}

Deoptimization events (20 events):
Event: 23.787 Thread 0x0000013df0bb5000 DEOPT PACKING pc=0x0000013dd7ab5bf2 sp=0x00000023bb5fdf10
Event: 23.787 Thread 0x0000013df0bb5000 DEOPT UNPACKING pc=0x0000013dd691a95e sp=0x00000023bb5fd580 mode 0
Event: 23.795 Thread 0x0000013df0bb0800 DEOPT PACKING pc=0x0000013dd7ab6afa sp=0x00000023bb6fe050
Event: 23.795 Thread 0x0000013df0bb0800 DEOPT UNPACKING pc=0x0000013dd691a95e sp=0x00000023bb6fd6c0 mode 0
Event: 23.798 Thread 0x0000013df0bb5000 DEOPT PACKING pc=0x0000013dd7ab5bf2 sp=0x00000023bb5fdf10
Event: 23.798 Thread 0x0000013df0bb5000 DEOPT UNPACKING pc=0x0000013dd691a95e sp=0x00000023bb5fd580 mode 0
Event: 23.804 Thread 0x0000013df0bb0800 DEOPT PACKING pc=0x0000013dd7ab5bf2 sp=0x00000023bb6fe050
Event: 23.804 Thread 0x0000013df0bb0800 DEOPT UNPACKING pc=0x0000013dd691a95e sp=0x00000023bb6fd6c0 mode 0
Event: 23.810 Thread 0x0000013df0bb0800 DEOPT PACKING pc=0x0000013dd7ab5bf2 sp=0x00000023bb6fe050
Event: 23.810 Thread 0x0000013df0bb0800 DEOPT UNPACKING pc=0x0000013dd691a95e sp=0x00000023bb6fd6c0 mode 0
Event: 23.833 Thread 0x0000013df0bb0800 DEOPT PACKING pc=0x0000013dd7ab6afa sp=0x00000023bb6fe050
Event: 23.833 Thread 0x0000013df0bb0800 DEOPT UNPACKING pc=0x0000013dd691a95e sp=0x00000023bb6fd6c0 mode 0
Event: 23.837 Thread 0x0000013df0bb5000 DEOPT PACKING pc=0x0000013dd7ab5bf2 sp=0x00000023bb5fdf10
Event: 23.837 Thread 0x0000013df0bb5000 DEOPT UNPACKING pc=0x0000013dd691a95e sp=0x00000023bb5fd580 mode 0
Event: 23.842 Thread 0x0000013df0bb0800 DEOPT PACKING pc=0x0000013dd7ab5bf2 sp=0x00000023bb6fe050
Event: 23.842 Thread 0x0000013df0bb0800 DEOPT UNPACKING pc=0x0000013dd691a95e sp=0x00000023bb6fd6c0 mode 0
Event: 23.856 Thread 0x0000013df0bb0800 DEOPT PACKING pc=0x0000013dd7ab5bf2 sp=0x00000023bb6fe050
Event: 23.856 Thread 0x0000013df0bb0800 DEOPT UNPACKING pc=0x0000013dd691a95e sp=0x00000023bb6fd6c0 mode 0
Event: 23.863 Thread 0x0000013df0bb0800 DEOPT PACKING pc=0x0000013dd7ab6afa sp=0x00000023bb6fe050
Event: 23.863 Thread 0x0000013df0bb0800 DEOPT UNPACKING pc=0x0000013dd691a95e sp=0x00000023bb6fd6c0 mode 0

Classes redefined (0 events):
No events

Internal exceptions (20 events):
Event: 21.933 Thread 0x0000013df0bb8000 Exception <a 'sun/nio/fs/WindowsException'{0x0000000087083830}> (0x0000000087083830) thrown at [./src/hotspot/share/prims/jni.cpp, line 615]
Event: 21.956 Thread 0x0000013df0bb1800 Exception <a 'sun/nio/fs/WindowsException'{0x0000000086bea990}> (0x0000000086bea990) thrown at [./src/hotspot/share/prims/jni.cpp, line 615]
Event: 21.980 Thread 0x0000013df0bb5000 Exception <a 'sun/nio/fs/WindowsException'{0x00000000864d68a8}> (0x00000000864d68a8) thrown at [./src/hotspot/share/prims/jni.cpp, line 615]
Event: 21.981 Thread 0x0000013df0bb1800 Exception <a 'sun/nio/fs/WindowsException'{0x0000000086beab50}> (0x0000000086beab50) thrown at [./src/hotspot/share/prims/jni.cpp, line 615]
Event: 21.982 Thread 0x0000013df0bb5800 Exception <a 'sun/nio/fs/WindowsException'{0x0000000086a87c60}> (0x0000000086a87c60) thrown at [./src/hotspot/share/prims/jni.cpp, line 615]
Event: 22.044 Thread 0x0000013df0bb5800 Exception <a 'sun/nio/fs/WindowsException'{0x0000000086a87df0}> (0x0000000086a87df0) thrown at [./src/hotspot/share/prims/jni.cpp, line 615]
Event: 22.049 Thread 0x0000013df0bb1800 Exception <a 'sun/nio/fs/WindowsException'{0x0000000085d4e2d0}> (0x0000000085d4e2d0) thrown at [./src/hotspot/share/prims/jni.cpp, line 615]
Event: 22.118 Thread 0x0000013df0bb2800 Exception <a 'sun/nio/fs/WindowsException'{0x00000000881f43f0}> (0x00000000881f43f0) thrown at [./src/hotspot/share/prims/jni.cpp, line 615]
Event: 22.119 Thread 0x0000013df0bb2800 Exception <a 'sun/nio/fs/WindowsException'{0x00000000881f4590}> (0x00000000881f4590) thrown at [./src/hotspot/share/prims/jni.cpp, line 615]
Event: 22.206 Thread 0x0000013df0bb5800 Exception <a 'sun/nio/fs/WindowsException'{0x000000008793eee0}> (0x000000008793eee0) thrown at [./src/hotspot/share/prims/jni.cpp, line 615]
Event: 22.243 Thread 0x0000013df0bb8000 Exception <a 'sun/nio/fs/WindowsException'{0x0000000086a2e7e0}> (0x0000000086a2e7e0) thrown at [./src/hotspot/share/prims/jni.cpp, line 615]
Event: 22.244 Thread 0x0000013df0bb8000 Exception <a 'sun/nio/fs/WindowsException'{0x0000000086a2e998}> (0x0000000086a2e998) thrown at [./src/hotspot/share/prims/jni.cpp, line 615]
Event: 22.282 Thread 0x0000013df0bb3000 Exception <a 'sun/nio/fs/WindowsException'{0x00000000874c7fe8}> (0x00000000874c7fe8) thrown at [./src/hotspot/share/prims/jni.cpp, line 615]
Event: 22.283 Thread 0x0000013df0bb3000 Exception <a 'sun/nio/fs/WindowsException'{0x00000000874c8158}> (0x00000000874c8158) thrown at [./src/hotspot/share/prims/jni.cpp, line 615]
Event: 22.312 Thread 0x0000013df0bb1800 Exception <a 'sun/nio/fs/WindowsException'{0x0000000085f93b90}> (0x0000000085f93b90) thrown at [./src/hotspot/share/prims/jni.cpp, line 615]
Event: 22.319 Thread 0x0000013df0bb1800 Exception <a 'sun/nio/fs/WindowsException'{0x0000000085f93d48}> (0x0000000085f93d48) thrown at [./src/hotspot/share/prims/jni.cpp, line 615]
Event: 22.354 Thread 0x0000013df0bb7800 Exception <a 'sun/nio/fs/WindowsException'{0x0000000085ec7480}> (0x0000000085ec7480) thrown at [./src/hotspot/share/prims/jni.cpp, line 615]
Event: 22.356 Thread 0x0000013df0bb7800 Exception <a 'sun/nio/fs/WindowsException'{0x0000000085ec7640}> (0x0000000085ec7640) thrown at [./src/hotspot/share/prims/jni.cpp, line 615]
Event: 22.688 Thread 0x0000013df0bb5800 Exception <a 'sun/nio/fs/WindowsException'{0x0000000087f53cb0}> (0x0000000087f53cb0) thrown at [./src/hotspot/share/prims/jni.cpp, line 615]
Event: 22.689 Thread 0x0000013df0bb5800 Exception <a 'sun/nio/fs/WindowsException'{0x0000000087f53e38}> (0x0000000087f53e38) thrown at [./src/hotspot/share/prims/jni.cpp, line 615]

Events (20 events):
Event: 22.373 Executing VM operation: G1CollectForAllocation done
Event: 22.373 Executing VM operation: G1CollectForAllocation
Event: 22.379 Executing VM operation: G1CollectForAllocation done
Event: 22.518 Loaded shared library D:\Android\Android Studio Preview\jre\bin\zip.dll
Event: 22.651 Executing VM operation: G1CollectForAllocation
Event: 22.655 Executing VM operation: G1CollectForAllocation done
Event: 22.827 Executing VM operation: G1CollectForAllocation
Event: 22.830 Executing VM operation: G1CollectForAllocation done
Event: 23.032 Executing VM operation: G1CollectForAllocation
Event: 23.037 Executing VM operation: G1CollectForAllocation done
Event: 23.275 Executing VM operation: G1CollectForAllocation
Event: 23.278 Executing VM operation: G1CollectForAllocation done
Event: 23.410 loading class org/gradle/internal/classpath/InstrumentingTransformer$InstrumentingVisitor$1
Event: 23.410 loading class org/gradle/internal/classpath/InstrumentingTransformer$InstrumentingVisitor$1 done
Event: 23.444 Executing VM operation: G1CollectForAllocation
Event: 23.447 Executing VM operation: G1CollectForAllocation done
Event: 23.621 Executing VM operation: G1CollectForAllocation
Event: 23.625 Executing VM operation: G1CollectForAllocation done
Event: 23.787 Executing VM operation: G1CollectForAllocation
Event: 23.793 Executing VM operation: G1CollectForAllocation done


Dynamic libraries:
0x00007ff6c5820000 - 0x00007ff6c582a000 	D:\Android\Android Studio Preview\jre\bin\java.exe
0x00007ffa954f0000 - 0x00007ffa956e5000 	C:\WINDOWS\SYSTEM32\ntdll.dll
0x00007ffa953c0000 - 0x00007ffa9547e000 	C:\WINDOWS\System32\KERNEL32.DLL
0x00007ffa92eb0000 - 0x00007ffa93178000 	C:\WINDOWS\System32\KERNELBASE.dll
0x00007ffa93180000 - 0x00007ffa93280000 	C:\WINDOWS\System32\ucrtbase.dll
0x00007ffa85280000 - 0x00007ffa85299000 	D:\Android\Android Studio Preview\jre\bin\jli.dll
0x00007ffa898d0000 - 0x00007ffa898e7000 	D:\Android\Android Studio Preview\jre\bin\VCRUNTIME140.dll
0x00007ffa93520000 - 0x00007ffa936c0000 	C:\WINDOWS\System32\USER32.dll
0x00007ffa86a50000 - 0x00007ffa86cea000 	C:\WINDOWS\WinSxS\amd64_microsoft.windows.common-controls_6595b64144ccf1df_6.0.19041.1110_none_60b5254171f9507e\COMCTL32.dll
0x00007ffa92cf0000 - 0x00007ffa92d12000 	C:\WINDOWS\System32\win32u.dll
0x00007ffa94af0000 - 0x00007ffa94b8e000 	C:\WINDOWS\System32\msvcrt.dll
0x00007ffa95390000 - 0x00007ffa953ba000 	C:\WINDOWS\System32\GDI32.dll
0x00007ffa92be0000 - 0x00007ffa92ceb000 	C:\WINDOWS\System32\gdi32full.dll
0x00007ffa93380000 - 0x00007ffa9341d000 	C:\WINDOWS\System32\msvcp_win.dll
0x00007ffa94880000 - 0x00007ffa948b0000 	C:\WINDOWS\System32\IMM32.DLL
0x00007ffa5fd90000 - 0x00007ffa5fe2d000 	D:\Android\Android Studio Preview\jre\bin\msvcp140.dll
0x00007ffa210a0000 - 0x00007ffa21b85000 	D:\Android\Android Studio Preview\jre\bin\server\jvm.dll
0x00007ffa939f0000 - 0x00007ffa93a9e000 	C:\WINDOWS\System32\ADVAPI32.dll
0x00007ffa93950000 - 0x00007ffa939ec000 	C:\WINDOWS\System32\sechost.dll
0x00007ffa936c0000 - 0x00007ffa937e5000 	C:\WINDOWS\System32\RPCRT4.dll
0x00007ffa93940000 - 0x00007ffa93948000 	C:\WINDOWS\System32\PSAPI.DLL
0x00007ffa6b700000 - 0x00007ffa6b709000 	C:\WINDOWS\SYSTEM32\WSOCK32.dll
0x00007ffa8a4c0000 - 0x00007ffa8a4ca000 	C:\WINDOWS\SYSTEM32\VERSION.dll
0x00007ffa8fc10000 - 0x00007ffa8fc37000 	C:\WINDOWS\SYSTEM32\WINMM.dll
0x00007ffa937f0000 - 0x00007ffa9385b000 	C:\WINDOWS\System32\WS2_32.dll
0x00007ffa90ce0000 - 0x00007ffa90cf2000 	C:\WINDOWS\SYSTEM32\kernel.appcore.dll
0x00007ffa891f0000 - 0x00007ffa89201000 	D:\Android\Android Studio Preview\jre\bin\verify.dll
0x00007ffa903f0000 - 0x00007ffa905d4000 	C:\WINDOWS\SYSTEM32\DBGHELP.DLL
0x00007ffa7ed60000 - 0x00007ffa7ed8c000 	C:\WINDOWS\SYSTEM32\dbgcore.DLL
0x00007ffa93490000 - 0x00007ffa93512000 	C:\WINDOWS\System32\bcryptPrimitives.dll
0x00007ffa851f0000 - 0x00007ffa85219000 	D:\Android\Android Studio Preview\jre\bin\java.dll
0x00007ffa8f570000 - 0x00007ffa8f57b000 	D:\Android\Android Studio Preview\jre\bin\jimage.dll
0x00007ffa822e0000 - 0x00007ffa822f8000 	D:\Android\Android Studio Preview\jre\bin\zip.dll
0x00007ffa94130000 - 0x00007ffa94874000 	C:\WINDOWS\System32\SHELL32.dll
0x00007ffa90d00000 - 0x00007ffa91494000 	C:\WINDOWS\SYSTEM32\windows.storage.dll
0x00007ffa93dd0000 - 0x00007ffa94124000 	C:\WINDOWS\System32\combase.dll
0x00007ffa92650000 - 0x00007ffa9267c000 	C:\WINDOWS\SYSTEM32\Wldp.dll
0x00007ffa93aa0000 - 0x00007ffa93b4d000 	C:\WINDOWS\System32\SHCORE.dll
0x00007ffa950c0000 - 0x00007ffa95115000 	C:\WINDOWS\System32\shlwapi.dll
0x00007ffa92b20000 - 0x00007ffa92b3f000 	C:\WINDOWS\SYSTEM32\profapi.dll
0x00007ffa7f980000 - 0x00007ffa7f99a000 	D:\Android\Android Studio Preview\jre\bin\net.dll
0x00007ffa8abf0000 - 0x00007ffa8acfa000 	C:\WINDOWS\SYSTEM32\WINHTTP.dll
0x00007ffa92360000 - 0x00007ffa923ca000 	C:\WINDOWS\system32\mswsock.dll
0x00007ffa7f940000 - 0x00007ffa7f954000 	D:\Android\Android Studio Preview\jre\bin\nio.dll
0x00007ffa7f910000 - 0x00007ffa7f937000 	D:\Android\.gradle\native\e1d6ef7f7dcc3fd88c89a11ec53ec762bb8ba0a96d01ffa2cd45eb1d1d8dd5c5\windows-amd64\native-platform.dll
0x00007ffa50fa0000 - 0x00007ffa510e4000 	D:\Android\.gradle\native\5664cfc778a61ccfe75a443a1ab52a65af34e5dc3c78e0209fed803814484fcb\windows-amd64\native-platform-file-events.dll
0x00007ffa8db10000 - 0x00007ffa8db1a000 	D:\Android\Android Studio Preview\jre\bin\management.dll
0x00007ffa898b0000 - 0x00007ffa898bd000 	D:\Android\Android Studio Preview\jre\bin\management_ext.dll
0x00007ffa925a0000 - 0x00007ffa925b8000 	C:\WINDOWS\SYSTEM32\CRYPTSP.dll
0x00007ffa91c60000 - 0x00007ffa91c94000 	C:\WINDOWS\system32\rsaenh.dll
0x00007ffa92e80000 - 0x00007ffa92ea7000 	C:\WINDOWS\System32\bcrypt.dll
0x00007ffa92ae0000 - 0x00007ffa92b0e000 	C:\WINDOWS\SYSTEM32\USERENV.dll
0x00007ffa925c0000 - 0x00007ffa925cc000 	C:\WINDOWS\SYSTEM32\CRYPTBASE.dll
0x00007ffa92030000 - 0x00007ffa9206b000 	C:\WINDOWS\SYSTEM32\IPHLPAPI.DLL
0x00007ffa950b0000 - 0x00007ffa950b8000 	C:\WINDOWS\System32\NSI.dll
0x00007ffa8a9e0000 - 0x00007ffa8a9f7000 	C:\WINDOWS\SYSTEM32\dhcpcsvc6.DLL
0x00007ffa8a930000 - 0x00007ffa8a94d000 	C:\WINDOWS\SYSTEM32\dhcpcsvc.DLL
0x00007ffa92070000 - 0x00007ffa9213b000 	C:\WINDOWS\SYSTEM32\DNSAPI.dll

dbghelp: loaded successfully - version: 4.0.5 - missing functions: none
symbol engine: initialized successfully - sym options: 0x614 - pdb path: .;D:\Android\Android Studio Preview\jre\bin;C:\WINDOWS\SYSTEM32;C:\WINDOWS\WinSxS\amd64_microsoft.windows.common-controls_6595b64144ccf1df_6.0.19041.1110_none_60b5254171f9507e;D:\Android\Android Studio Preview\jre\bin\server;D:\Android\.gradle\native\e1d6ef7f7dcc3fd88c89a11ec53ec762bb8ba0a96d01ffa2cd45eb1d1d8dd5c5\windows-amd64;D:\Android\.gradle\native\5664cfc778a61ccfe75a443a1ab52a65af34e5dc3c78e0209fed803814484fcb\windows-amd64

VM Arguments:
jvm_args: --add-opens=java.base/java.util=ALL-UNNAMED --add-opens=java.base/java.lang=ALL-UNNAMED --add-opens=java.base/java.lang.invoke=ALL-UNNAMED --add-opens=java.base/java.util=ALL-UNNAMED --add-opens=java.prefs/java.util.prefs=ALL-UNNAMED --add-opens=java.prefs/java.util.prefs=ALL-UNNAMED --add-opens=java.base/java.nio.charset=ALL-UNNAMED --add-opens=java.base/java.net=ALL-UNNAMED --add-opens=java.base/java.util.concurrent.atomic=ALL-UNNAMED -Xmx2048m -Dfile.encoding=UTF-8 -Duser.country=RU -Duser.language=ru -Duser.variant 
java_command: org.gradle.launcher.daemon.bootstrap.GradleDaemon 7.3.3
java_class_path (initial): D:\Android\.gradle\wrapper\dists\gradle-7.3.3-bin\6a41zxkdtcxs8rphpq6y0069z\gradle-7.3.3\lib\gradle-launcher-7.3.3.jar
Launcher Type: SUN_STANDARD

[Global flags]
     intx CICompilerCount                          = 4                                         {product} {ergonomic}
     uint ConcGCThreads                            = 2                                         {product} {ergonomic}
     uint G1ConcRefinementThreads                  = 8                                         {product} {ergonomic}
   size_t G1HeapRegionSize                         = 1048576                                   {product} {ergonomic}
    uintx GCDrainStackTargetSize                   = 64                                        {product} {ergonomic}
   size_t InitialHeapSize                          = 117440512                                 {product} {ergonomic}
   size_t MarkStackSize                            = 4194304                                   {product} {ergonomic}
   size_t MaxHeapSize                              = 2147483648                                {product} {command line}
   size_t MaxNewSize                               = 1287651328                                {product} {ergonomic}
   size_t MinHeapDeltaBytes                        = 1048576                                   {product} {ergonomic}
    uintx NonNMethodCodeHeapSize                   = 5836300                                {pd product} {ergonomic}
    uintx NonProfiledCodeHeapSize                  = 122910970                              {pd product} {ergonomic}
    uintx ProfiledCodeHeapSize                     = 122910970                              {pd product} {ergonomic}
    uintx ReservedCodeCacheSize                    = 251658240                              {pd product} {ergonomic}
     bool SegmentedCodeCache                       = true                                      {product} {ergonomic}
     bool UseCompressedClassPointers               = true                                 {lp64_product} {ergonomic}
     bool UseCompressedOops                        = true                                 {lp64_product} {ergonomic}
     bool UseG1GC                                  = true                                      {product} {ergonomic}
     bool UseLargePagesIndividualAllocation        = false                                  {pd product} {ergonomic}

Logging:
Log output configuration:
 #0: stdout all=warning uptime,level,tags
 #1: stderr all=off uptime,level,tags

Environment Variables:
PATH=C:\Program Files (x86)\Common Files\Oracle\Java\javapath;C:\WINDOWS\system32;C:\WINDOWS;C:\WINDOWS\System32\Wbem;C:\WINDOWS\System32\WindowsPowerShell\v1.0\;C:\WINDOWS\System32\OpenSSH\;C:\Program Files\dotnet\;C:\Program Files\Microsoft SQL Server\130\Tools\Binn\;C:\Program Files\Microsoft SQL Server\Client SDK\ODBC\170\Tools\Binn\;D:\JetBrains\Toolbox\apps\AndroidStudio\sdk\platform-tools;D:\JetBrains\Toolbox\apps\AndroidStudio\sdk\tools;C:\Program Files (x86)\dotnet\;C:\Program Files\Git\cmd;C:\Program Files\Git\mingw64\bin;C:\Program Files\Git\usr\bin;C:\Users\ivlad\AppData\Local\Programs\Python\Python38\Scripts\;C:\Users\ivlad\AppData\Local\Programs\Python\Python38\;C:\Users\ivlad\AppData\Local\Microsoft\WindowsApps;D:\JetBrains\PyCharm Community Edition 2021.2.2\bin;;C:\Users\ivlad\AppData\Local\GitHubDesktop\bin;C:\Users\ivlad\.dotnet\tools;;D:\JetBrains\IntelliJ IDEA Community Edition 2021.2.2\bin;;D:\Microsoft VS Code\bin
USERNAME=carline
OS=Windows_NT
PROCESSOR_IDENTIFIER=AMD64 Family 23 Model 24 Stepping 1, AuthenticAMD



---------------  S Y S T E M  ---------------

OS: Windows 10 , 64 bit Build 19041 (10.0.19041.1645)
OS uptime: 4 days 19:24 hours

CPU:total 8 (initial active 8) (8 cores per cpu, 2 threads per core) family 23 model 24 stepping 1 microcode 0x0, cmov, cx8, fxsr, mmx, sse, sse2, sse3, ssse3, sse4.1, sse4.2, popcnt, avx, avx2, aes, clmul, mmxext, 3dnowpref, lzcnt, sse4a, ht, tsc, tscinvbit, tscinv, bmi1, bmi2, adx, sha, fma

Memory: 4k page, system-wide physical 7103M (399M free)
TotalPageFile size 19903M (AvailPageFile size 5M)
current process WorkingSet (physical memory assigned to process): 350M, peak: 350M
current process commit charge ("private bytes"): 389M, peak: 391M

vm_info: OpenJDK 64-Bit Server VM (11.0.12+7-b1504.28-7817840) for windows-amd64 JRE (11.0.12+7-b1504.28-7817840), built on Oct 13 2021 22:12:33 by "builder" with MS VC++ 14.0 (VS2015)

END.
