#
# There is insufficient memory for the Java Runtime Environment to continue.
# Native memory allocation (mmap) failed to map 34603008 bytes for Failed to commit area from 0x000000008a200000 to 0x000000008c300000 of length 34603008.
# Possible reasons:
#   The system is out of physical RAM or swap space
#   The process is running with CompressedOops enabled, and the Java Heap may be blocking the growth of the native heap
# Possible solutions:
#   Reduce memory load on the system
#   Increase physical memory or swap space
#   Check if swap backing store is full
#   Decrease Java heap size (-Xmx/-Xms)
#   Decrease number of Java threads
#   Decrease Java thread stack sizes (-Xss)
#   Set larger code cache with -XX:ReservedCodeCacheSize=
#   JVM is running with Unscaled Compressed Oops mode in which the Java heap is
#     placed in the first 4GB address space. The Java Heap base address is the
#     maximum limit for the native heap growth. Please use -XX:HeapBaseMinAddress
#     to set the Java Heap base and to place the Java Heap above 4GB virtual address.
# This output file may be truncated or incomplete.
#
#  Out of Memory Error (./src/hotspot/os/windows/os_windows.cpp:3521), pid=19812, tid=21016
#
# JRE version: OpenJDK Runtime Environment (11.0.12+7) (build 11.0.12+7-b1504.28-7817840)
# Java VM: OpenJDK 64-Bit Server VM (11.0.12+7-b1504.28-7817840, mixed mode, tiered, compressed oops, g1 gc, windows-amd64)
# No core dump will be written. Minidumps are not enabled by default on client versions of Windows
#

---------------  S U M M A R Y ------------

Command Line: --add-opens=java.base/java.util=ALL-UNNAMED --add-opens=java.base/java.lang=ALL-UNNAMED --add-opens=java.base/java.lang.invoke=ALL-UNNAMED --add-opens=java.base/java.util=ALL-UNNAMED --add-opens=java.prefs/java.util.prefs=ALL-UNNAMED --add-opens=java.prefs/java.util.prefs=ALL-UNNAMED --add-opens=java.base/java.nio.charset=ALL-UNNAMED --add-opens=java.base/java.net=ALL-UNNAMED --add-opens=java.base/java.util.concurrent.atomic=ALL-UNNAMED -Xmx2048m -Dfile.encoding=UTF-8 -Duser.country=RU -Duser.language=ru -Duser.variant org.gradle.launcher.daemon.bootstrap.GradleDaemon 7.3.3

Host: AMD Ryzen 5 3500U with Radeon Vega Mobile Gfx  , 8 cores, 6G,  Windows 10 , 64 bit Build 19041 (10.0.19041.1645)
Time: Sun May 15 17:13:15 2022 RTZ 2 (зима) elapsed time: 72.700720 seconds (0d 0h 1m 12s)

---------------  T H R E A D  ---------------

Current thread (0x000001cb18bd9800):  VMThread "VM Thread" [stack: 0x000000409f700000,0x000000409f800000] [id=21016]

Stack: [0x000000409f700000,0x000000409f800000]
[error occurred during error reporting (printing stack bounds), id 0xc0000005, EXCEPTION_ACCESS_VIOLATION (0xc0000005) at pc=0x000001cb03a3112d]

Native frames: (J=compiled Java code, j=interpreted, Vv=VM code, C=native code)
V  [jvm.dll+0x5fbcea]
V  [jvm.dll+0x731905]
V  [jvm.dll+0x732f1d]
V  [jvm.dll+0x733535]
V  [jvm.dll+0x7334eb]
V  [jvm.dll+0x5fb080]
V  [jvm.dll+0x5fb818]
C  [ntdll.dll+0xa20cf]
C  [ntdll.dll+0x51454]
C  [ntdll.dll+0xa0bfe]
C  0x000001cb03a3112d

VM_Operation (0x00000040a09f8470): G1CollectForAllocation, mode: safepoint, requested by thread 0x000001cb1ab9f800


---------------  P R O C E S S  ---------------

Threads class SMR info:
_java_thread_list=0x000001cb1d70d970, length=39, elements={
0x000001cb7de1b800, 0x000001cb18bde000, 0x000001cb18be9800, 0x000001cb18bfe800,
0x000001cb18bff800, 0x000001cb18c00800, 0x000001cb18c11000, 0x000001cb18c14800,
0x000001cb18c15800, 0x000001cb195eb000, 0x000001cb1ac12000, 0x000001cb1a537800,
0x000001cb1af77000, 0x000001cb1a8a7000, 0x000001cb19d5e800, 0x000001cb1b530000,
0x000001cb1ab9f800, 0x000001cb1a7a2000, 0x000001cb19eb4000, 0x000001cb1b559000,
0x000001cb1b554000, 0x000001cb1b558000, 0x000001cb1b555000, 0x000001cb1b553800,
0x000001cb1b555800, 0x000001cb1b556800, 0x000001cb1b557800, 0x000001cb1b55a000,
0x000001cb1bc18000, 0x000001cb1bc13800, 0x000001cb1bc12800, 0x000001cb1bc16000,
0x000001cb1bc19000, 0x000001cb1bc1a000, 0x000001cb1bc14000, 0x000001cb1bc1a800,
0x000001cb1bc15000, 0x000001cb1bc1b800, 0x000001cb1bc1d000
}

Java Threads: ( => current thread )
  0x000001cb7de1b800 JavaThread "main" [_thread_blocked, id=20616, stack(0x000000409f100000,0x000000409f200000)]
  0x000001cb18bde000 JavaThread "Reference Handler" daemon [_thread_blocked, id=2936, stack(0x000000409f800000,0x000000409f900000)]
  0x000001cb18be9800 JavaThread "Finalizer" daemon [_thread_blocked, id=20604, stack(0x000000409f900000,0x000000409fa00000)]
  0x000001cb18bfe800 JavaThread "Signal Dispatcher" daemon [_thread_blocked, id=21952, stack(0x000000409fa00000,0x000000409fb00000)]
  0x000001cb18bff800 JavaThread "Attach Listener" daemon [_thread_blocked, id=17340, stack(0x000000409fb00000,0x000000409fc00000)]
  0x000001cb18c00800 JavaThread "Service Thread" daemon [_thread_blocked, id=23404, stack(0x000000409fc00000,0x000000409fd00000)]
  0x000001cb18c11000 JavaThread "C2 CompilerThread0" daemon [_thread_blocked, id=23548, stack(0x000000409fd00000,0x000000409fe00000)]
  0x000001cb18c14800 JavaThread "C1 CompilerThread0" daemon [_thread_blocked, id=5872, stack(0x000000409fe00000,0x000000409ff00000)]
  0x000001cb18c15800 JavaThread "Sweeper thread" daemon [_thread_blocked, id=22592, stack(0x000000409ff00000,0x00000040a0000000)]
  0x000001cb195eb000 JavaThread "Common-Cleaner" daemon [_thread_blocked, id=6328, stack(0x00000040a0000000,0x00000040a0100000)]
  0x000001cb1ac12000 JavaThread "Daemon health stats" [_thread_blocked, id=20484, stack(0x00000040a0200000,0x00000040a0300000)]
  0x000001cb1a537800 JavaThread "Incoming local TCP Connector on port 64237" [_thread_in_native, id=21144, stack(0x00000040a0400000,0x00000040a0500000)]
  0x000001cb1af77000 JavaThread "Daemon periodic checks" [_thread_blocked, id=23540, stack(0x00000040a0500000,0x00000040a0600000)]
  0x000001cb1a8a7000 JavaThread "Daemon" [_thread_blocked, id=4928, stack(0x00000040a0600000,0x00000040a0700000)]
  0x000001cb19d5e800 JavaThread "Handler for socket connection from /127.0.0.1:64237 to /127.0.0.1:64238" [_thread_in_native, id=22368, stack(0x00000040a0700000,0x00000040a0800000)]
  0x000001cb1b530000 JavaThread "Cancel handler" [_thread_blocked, id=17596, stack(0x00000040a0800000,0x00000040a0900000)]
  0x000001cb1ab9f800 JavaThread "Daemon worker" [_thread_blocked, id=18456, stack(0x00000040a0900000,0x00000040a0a00000)]
  0x000001cb1a7a2000 JavaThread "Asynchronous log dispatcher for DefaultDaemonConnection: socket connection from /127.0.0.1:64237 to /127.0.0.1:64238" [_thread_blocked, id=13740, stack(0x00000040a0a00000,0x00000040a0b00000)]
  0x000001cb19eb4000 JavaThread "Stdin handler" [_thread_blocked, id=17732, stack(0x00000040a0b00000,0x00000040a0c00000)]
  0x000001cb1b559000 JavaThread "Daemon client event forwarder" [_thread_blocked, id=10944, stack(0x00000040a0c00000,0x00000040a0d00000)]
  0x000001cb1b554000 JavaThread "Cache worker for journal cache (D:\Android\.gradle\caches\journal-1)" [_thread_blocked, id=14480, stack(0x00000040a1300000,0x00000040a1400000)]
  0x000001cb1b558000 JavaThread "File lock request listener" [_thread_in_native, id=22256, stack(0x00000040a1400000,0x00000040a1500000)]
  0x000001cb1b555000 JavaThread "Cache worker for file hash cache (D:\Android\.gradle\caches\7.3.3\fileHashes)" [_thread_blocked, id=11128, stack(0x00000040a1600000,0x00000040a1700000)]
  0x000001cb1b553800 JavaThread "Cache worker for file hash cache (D:\Desktop\GitHub\CenterInvestCV\.gradle\7.3.3\fileHashes)" [_thread_blocked, id=22504, stack(0x00000040a1700000,0x00000040a1800000)]
  0x000001cb1b555800 JavaThread "File watcher server" daemon [_thread_in_native, id=21632, stack(0x00000040a1800000,0x00000040a1900000)]
  0x000001cb1b556800 JavaThread "File watcher consumer" daemon [_thread_blocked, id=3564, stack(0x00000040a1900000,0x00000040a1a00000)]
  0x000001cb1b557800 JavaThread "jar transforms" [_thread_blocked, id=21588, stack(0x00000040a1a00000,0x00000040a1b00000)]
  0x000001cb1b55a000 JavaThread "jar transforms Thread 2" [_thread_blocked, id=23328, stack(0x00000040a1b00000,0x00000040a1c00000)]
  0x000001cb1bc18000 JavaThread "jar transforms Thread 3" [_thread_blocked, id=10748, stack(0x00000040a1c00000,0x00000040a1d00000)]
  0x000001cb1bc13800 JavaThread "jar transforms Thread 4" [_thread_blocked, id=13016, stack(0x00000040a1d00000,0x00000040a1e00000)]
  0x000001cb1bc12800 JavaThread "jar transforms Thread 5" [_thread_blocked, id=16428, stack(0x00000040a1e00000,0x00000040a1f00000)]
  0x000001cb1bc16000 JavaThread "jar transforms Thread 6" [_thread_blocked, id=20824, stack(0x00000040a1f00000,0x00000040a2000000)]
  0x000001cb1bc19000 JavaThread "jar transforms Thread 7" [_thread_blocked, id=9436, stack(0x00000040a2000000,0x00000040a2100000)]
  0x000001cb1bc1a000 JavaThread "jar transforms Thread 8" [_thread_blocked, id=4788, stack(0x00000040a2100000,0x00000040a2200000)]
  0x000001cb1bc14000 JavaThread "Cache worker for checksums cache (D:\Desktop\GitHub\CenterInvestCV\.gradle\7.3.3\checksums)" [_thread_blocked, id=19952, stack(0x00000040a2200000,0x00000040a2300000)]
  0x000001cb1bc1a800 JavaThread "Cache worker for cache directory md-supplier (D:\Android\.gradle\caches\7.3.3\md-supplier)" [_thread_blocked, id=7520, stack(0x00000040a2300000,0x00000040a2400000)]
  0x000001cb1bc15000 JavaThread "Cache worker for cache directory md-rule (D:\Android\.gradle\caches\7.3.3\md-rule)" [_thread_blocked, id=14484, stack(0x00000040a2400000,0x00000040a2500000)]
  0x000001cb1bc1b800 JavaThread "Cache worker for execution history cache (D:\Android\.gradle\caches\7.3.3\executionHistory)" [_thread_blocked, id=20820, stack(0x00000040a2500000,0x00000040a2600000)]
  0x000001cb1bc1d000 JavaThread "Cache worker for file content cache (D:\Android\.gradle\caches\7.3.3\fileContent)" [_thread_blocked, id=23092, stack(0x000000409ee00000,0x000000409ef00000)]

Other Threads:
=>0x000001cb18bd9800 VMThread "VM Thread" [stack: 0x000000409f700000,0x000000409f800000] [id=21016]
  0x000001cb19630000 WatcherThread [stack: 0x00000040a0100000,0x00000040a0200000] [id=9652]
  0x000001cb7de36000 GCTaskThread "GC Thread#0" [stack: 0x000000409f200000,0x000000409f300000] [id=7592]
  0x000001cb1a1a4800 GCTaskThread "GC Thread#1" [stack: 0x00000040a0300000,0x00000040a0400000] [id=21528]
  0x000001cb1bd37000 GCTaskThread "GC Thread#2" [stack: 0x00000040a0d00000,0x00000040a0e00000] [id=15748]
  0x000001cb1b879800 GCTaskThread "GC Thread#3" [stack: 0x00000040a0e00000,0x00000040a0f00000] [id=4020]
  0x000001cb1b87a800 GCTaskThread "GC Thread#4" [stack: 0x00000040a0f00000,0x00000040a1000000] [id=23084]
  0x000001cb1b663000 GCTaskThread "GC Thread#5" [stack: 0x00000040a1000000,0x00000040a1100000] [id=420]
  0x000001cb1b663800 GCTaskThread "GC Thread#6" [stack: 0x00000040a1100000,0x00000040a1200000] [id=20500]
  0x000001cb1a869000 GCTaskThread "GC Thread#7" [stack: 0x00000040a1200000,0x00000040a1300000] [id=15860]
  0x000001cb7de67000 ConcurrentGCThread "G1 Main Marker" [stack: 0x000000409f300000,0x000000409f400000] [id=17944]
  0x000001cb7de68800 ConcurrentGCThread "G1 Conc#0" [stack: 0x000000409f400000,0x000000409f500000] [id=19776]
  0x000001cb1a132800 ConcurrentGCThread "G1 Conc#1" [stack: 0x00000040a1500000,0x00000040a1600000] [id=18488]
  0x000001cb7defa800 ConcurrentGCThread "G1 Refine#0" [stack: 0x000000409f500000,0x000000409f600000] [id=13184]
  0x000001cb7defb800 ConcurrentGCThread "G1 Young RemSet Sampling" [stack: 0x000000409f600000,0x000000409f700000] [id=2692]

Threads with active compile tasks:
C2 CompilerThread0  72735 5064       4       org.objectweb.asm.MethodWriter::visitLocalVariable (222 bytes)

VM state:at safepoint (normal execution)

VM Mutex/Monitor currently owned by a thread:  ([mutex/lock_event])
[0x000001cb7de1a820] Threads_lock - owner thread: 0x000001cb18bd9800
[0x000001cb7de1a940] Heap_lock - owner thread: 0x000001cb1ab9f800

Heap address: 0x0000000080000000, size: 2048 MB, Compressed Oops mode: 32-bit
Narrow klass base: 0x0000000000000000, Narrow klass shift: 3
Compressed class space size: 1073741824 Address: 0x0000000100000000

Heap:
 garbage-first heap   total 199680K, used 60758K [0x0000000080000000, 0x0000000100000000)
  region size 1024K, 4 young (4096K), 4 survivors (4096K)
 Metaspace       used 49843K, capacity 51080K, committed 51276K, reserved 1093632K
  class space    used 6420K, capacity 6883K, committed 6988K, reserved 1048576K
Heap Regions: E=young(eden), S=young(survivor), O=old, HS=humongous(starts), HC=humongous(continues), CS=collection set, F=free, A=archive, TAMS=top-at-mark-start (previous, next)
|   0|0x0000000080000000, 0x0000000080100000, 0x0000000080100000|100%| O|  |TAMS 0x0000000080100000, 0x0000000080000000| Untracked 
|   1|0x0000000080100000, 0x0000000080200000, 0x0000000080200000|100%| O|  |TAMS 0x0000000080200000, 0x0000000080100000| Untracked 
|   2|0x0000000080200000, 0x0000000080300000, 0x0000000080300000|100%| O|  |TAMS 0x0000000080300000, 0x0000000080200000| Untracked 
|   3|0x0000000080300000, 0x0000000080400000, 0x0000000080400000|100%|HS|  |TAMS 0x0000000080400000, 0x0000000080300000| Complete 
|   4|0x0000000080400000, 0x0000000080500000, 0x0000000080500000|100%|HC|  |TAMS 0x0000000080500000, 0x0000000080400000| Complete 
|   5|0x0000000080500000, 0x0000000080600000, 0x0000000080600000|100%|HC|  |TAMS 0x0000000080600000, 0x0000000080500000| Complete 
|   6|0x0000000080600000, 0x0000000080700000, 0x0000000080700000|100%| O|  |TAMS 0x0000000080700000, 0x0000000080600000| Untracked 
|   7|0x0000000080700000, 0x0000000080800000, 0x0000000080800000|100%| O|  |TAMS 0x0000000080800000, 0x0000000080700000| Untracked 
|   8|0x0000000080800000, 0x0000000080900000, 0x0000000080900000|100%| O|  |TAMS 0x0000000080900000, 0x0000000080800000| Untracked 
|   9|0x0000000080900000, 0x0000000080a00000, 0x0000000080a00000|100%| O|  |TAMS 0x0000000080a00000, 0x0000000080900000| Untracked 
|  10|0x0000000080a00000, 0x0000000080b00000, 0x0000000080b00000|100%| O|  |TAMS 0x0000000080b00000, 0x0000000080a00000| Untracked 
|  11|0x0000000080b00000, 0x0000000080c00000, 0x0000000080c00000|100%| O|  |TAMS 0x0000000080c00000, 0x0000000080b00000| Untracked 
|  12|0x0000000080c00000, 0x0000000080d00000, 0x0000000080d00000|100%| O|  |TAMS 0x0000000080d00000, 0x0000000080c00000| Untracked 
|  13|0x0000000080d00000, 0x0000000080e00000, 0x0000000080e00000|100%| O|  |TAMS 0x0000000080e00000, 0x0000000080d00000| Untracked 
|  14|0x0000000080e00000, 0x0000000080f00000, 0x0000000080f00000|100%| O|  |TAMS 0x0000000080f00000, 0x0000000080e00000| Untracked 
|  15|0x0000000080f00000, 0x0000000081000000, 0x0000000081000000|100%| O|  |TAMS 0x0000000081000000, 0x0000000080f00000| Untracked 
|  16|0x0000000081000000, 0x0000000081100000, 0x0000000081100000|100%| O|  |TAMS 0x0000000081100000, 0x0000000081000000| Untracked 
|  17|0x0000000081100000, 0x0000000081200000, 0x0000000081200000|100%|HS|  |TAMS 0x0000000081200000, 0x0000000081100000| Complete 
|  18|0x0000000081200000, 0x0000000081300000, 0x0000000081300000|100%|HC|  |TAMS 0x0000000081300000, 0x0000000081200000| Complete 
|  19|0x0000000081300000, 0x0000000081400000, 0x0000000081400000|100%|HS|  |TAMS 0x0000000081400000, 0x0000000081300000| Complete 
|  20|0x0000000081400000, 0x0000000081500000, 0x0000000081500000|100%|HC|  |TAMS 0x0000000081500000, 0x0000000081400000| Complete 
|  21|0x0000000081500000, 0x0000000081600000, 0x0000000081600000|100%|HC|  |TAMS 0x0000000081600000, 0x0000000081500000| Complete 
|  22|0x0000000081600000, 0x0000000081700000, 0x0000000081700000|100%|HS|  |TAMS 0x0000000081700000, 0x0000000081600000| Complete 
|  23|0x0000000081700000, 0x0000000081800000, 0x0000000081800000|100%|HS|  |TAMS 0x0000000081800000, 0x0000000081700000| Complete 
|  24|0x0000000081800000, 0x0000000081900000, 0x0000000081900000|100%|HC|  |TAMS 0x0000000081900000, 0x0000000081800000| Complete 
|  25|0x0000000081900000, 0x0000000081a00000, 0x0000000081a00000|100%|HC|  |TAMS 0x0000000081a00000, 0x0000000081900000| Complete 
|  26|0x0000000081a00000, 0x0000000081b00000, 0x0000000081b00000|100%|HC|  |TAMS 0x0000000081b00000, 0x0000000081a00000| Complete 
|  27|0x0000000081b00000, 0x0000000081c00000, 0x0000000081c00000|100%| O|  |TAMS 0x0000000081c00000, 0x0000000081b00000| Untracked 
|  28|0x0000000081c00000, 0x0000000081d00000, 0x0000000081d00000|100%| O|  |TAMS 0x0000000081d00000, 0x0000000081c00000| Untracked 
|  29|0x0000000081d00000, 0x0000000081e00000, 0x0000000081e00000|100%| O|  |TAMS 0x0000000081e00000, 0x0000000081d00000| Untracked 
|  30|0x0000000081e00000, 0x0000000081f00000, 0x0000000081f00000|100%| O|  |TAMS 0x0000000081f00000, 0x0000000081e00000| Untracked 
|  31|0x0000000081f00000, 0x0000000082000000, 0x0000000082000000|100%| O|  |TAMS 0x0000000082000000, 0x0000000081f00000| Untracked 
|  32|0x0000000082000000, 0x0000000082100000, 0x0000000082100000|100%| O|  |TAMS 0x0000000082100000, 0x0000000082000000| Untracked 
|  33|0x0000000082100000, 0x0000000082200000, 0x0000000082200000|100%| O|  |TAMS 0x0000000082200000, 0x0000000082100000| Untracked 
|  34|0x0000000082200000, 0x0000000082300000, 0x0000000082300000|100%| O|  |TAMS 0x0000000082300000, 0x0000000082200000| Untracked 
|  35|0x0000000082300000, 0x0000000082400000, 0x0000000082400000|100%| O|  |TAMS 0x0000000082400000, 0x0000000082300000| Untracked 
|  36|0x0000000082400000, 0x0000000082500000, 0x0000000082500000|100%| O|  |TAMS 0x0000000082500000, 0x0000000082400000| Untracked 
|  37|0x0000000082500000, 0x0000000082600000, 0x0000000082600000|100%| O|  |TAMS 0x0000000082600000, 0x0000000082500000| Untracked 
|  38|0x0000000082600000, 0x0000000082700000, 0x0000000082700000|100%| O|  |TAMS 0x0000000082700000, 0x0000000082600000| Untracked 
|  39|0x0000000082700000, 0x0000000082800000, 0x0000000082800000|100%| O|  |TAMS 0x0000000082800000, 0x0000000082700000| Untracked 
|  40|0x0000000082800000, 0x0000000082900000, 0x0000000082900000|100%| O|  |TAMS 0x0000000082900000, 0x0000000082800000| Untracked 
|  41|0x0000000082900000, 0x0000000082a00000, 0x0000000082a00000|100%| O|  |TAMS 0x0000000082a00000, 0x0000000082900000| Untracked 
|  42|0x0000000082a00000, 0x0000000082b00000, 0x0000000082b00000|100%| O|  |TAMS 0x0000000082b00000, 0x0000000082a00000| Untracked 
|  43|0x0000000082b00000, 0x0000000082c00000, 0x0000000082c00000|100%|HS|  |TAMS 0x0000000082b00000, 0x0000000082b00000| Complete 
|  44|0x0000000082c00000, 0x0000000082d00000, 0x0000000082d00000|100%|HC|  |TAMS 0x0000000082c00000, 0x0000000082c00000| Complete 
|  45|0x0000000082d00000, 0x0000000082e00000, 0x0000000082e00000|100%|HC|  |TAMS 0x0000000082d00000, 0x0000000082d00000| Complete 
|  46|0x0000000082e00000, 0x0000000082f00000, 0x0000000082f00000|100%|HC|  |TAMS 0x0000000082e00000, 0x0000000082e00000| Complete 
|  47|0x0000000082f00000, 0x0000000083000000, 0x0000000083000000|100%| O|  |TAMS 0x0000000083000000, 0x0000000082f00000| Untracked 
|  48|0x0000000083000000, 0x0000000083100000, 0x0000000083100000|100%| O|  |TAMS 0x0000000083100000, 0x0000000083000000| Untracked 
|  49|0x0000000083100000, 0x0000000083200000, 0x0000000083200000|100%| O|  |TAMS 0x0000000083200000, 0x0000000083100000| Untracked 
|  50|0x0000000083200000, 0x0000000083300000, 0x0000000083300000|100%| O|  |TAMS 0x0000000083300000, 0x0000000083200000| Untracked 
|  51|0x0000000083300000, 0x0000000083400000, 0x0000000083400000|100%| O|  |TAMS 0x0000000083400000, 0x0000000083300000| Untracked 
|  52|0x0000000083400000, 0x0000000083500000, 0x0000000083500000|100%| O|  |TAMS 0x0000000083500000, 0x0000000083400000| Untracked 
|  53|0x0000000083500000, 0x0000000083600000, 0x0000000083600000|100%| O|  |TAMS 0x0000000083600000, 0x0000000083500000| Untracked 
|  54|0x0000000083600000, 0x0000000083700000, 0x0000000083700000|100%| O|  |TAMS 0x0000000083700000, 0x0000000083600000| Untracked 
|  55|0x0000000083700000, 0x00000000837db000, 0x0000000083800000| 85%| O|  |TAMS 0x00000000837db000, 0x0000000083700000| Untracked 
|  56|0x0000000083800000, 0x0000000083800000, 0x0000000083900000|  0%| F|  |TAMS 0x0000000083800000, 0x0000000083800000| Untracked 
|  57|0x0000000083900000, 0x0000000083900000, 0x0000000083a00000|  0%| F|  |TAMS 0x0000000083900000, 0x0000000083900000| Untracked 
|  58|0x0000000083a00000, 0x0000000083a00000, 0x0000000083b00000|  0%| F|  |TAMS 0x0000000083a00000, 0x0000000083a00000| Untracked 
|  59|0x0000000083b00000, 0x0000000083b00000, 0x0000000083c00000|  0%| F|  |TAMS 0x0000000083b00000, 0x0000000083b00000| Untracked 
|  60|0x0000000083c00000, 0x0000000083c00000, 0x0000000083d00000|  0%| F|  |TAMS 0x0000000083c00000, 0x0000000083c00000| Untracked 
|  61|0x0000000083d00000, 0x0000000083d00000, 0x0000000083e00000|  0%| F|  |TAMS 0x0000000083d00000, 0x0000000083d00000| Untracked 
|  62|0x0000000083e00000, 0x0000000083e00000, 0x0000000083f00000|  0%| F|  |TAMS 0x0000000083e00000, 0x0000000083e00000| Untracked 
|  63|0x0000000083f00000, 0x0000000083f00000, 0x0000000084000000|  0%| F|  |TAMS 0x0000000083f00000, 0x0000000083f00000| Untracked 
|  64|0x0000000084000000, 0x0000000084000000, 0x0000000084100000|  0%| F|  |TAMS 0x0000000084000000, 0x0000000084000000| Untracked 
|  65|0x0000000084100000, 0x0000000084100000, 0x0000000084200000|  0%| F|  |TAMS 0x0000000084100000, 0x0000000084100000| Untracked 
|  66|0x0000000084200000, 0x0000000084200000, 0x0000000084300000|  0%| F|  |TAMS 0x0000000084200000, 0x0000000084200000| Untracked 
|  67|0x0000000084300000, 0x0000000084300000, 0x0000000084400000|  0%| F|  |TAMS 0x0000000084300000, 0x0000000084300000| Untracked 
|  68|0x0000000084400000, 0x0000000084400000, 0x0000000084500000|  0%| F|  |TAMS 0x0000000084400000, 0x0000000084400000| Untracked 
|  69|0x0000000084500000, 0x0000000084500000, 0x0000000084600000|  0%| F|  |TAMS 0x0000000084500000, 0x0000000084500000| Untracked 
|  70|0x0000000084600000, 0x0000000084600000, 0x0000000084700000|  0%| F|  |TAMS 0x0000000084600000, 0x0000000084600000| Untracked 
|  71|0x0000000084700000, 0x0000000084700000, 0x0000000084800000|  0%| F|  |TAMS 0x0000000084700000, 0x0000000084700000| Untracked 
|  72|0x0000000084800000, 0x000000008487aaf8, 0x0000000084900000| 47%| S|CS|TAMS 0x0000000084800000, 0x0000000084800000| Complete 
|  73|0x0000000084900000, 0x0000000084a00000, 0x0000000084a00000|100%| S|CS|TAMS 0x0000000084900000, 0x0000000084900000| Complete 
|  74|0x0000000084a00000, 0x0000000084b00000, 0x0000000084b00000|100%| S|CS|TAMS 0x0000000084a00000, 0x0000000084a00000| Complete 
|  75|0x0000000084b00000, 0x0000000084c00000, 0x0000000084c00000|100%| S|CS|TAMS 0x0000000084b00000, 0x0000000084b00000| Complete 
|  76|0x0000000084c00000, 0x0000000084c00000, 0x0000000084d00000|  0%| F|  |TAMS 0x0000000084c00000, 0x0000000084c00000| Untracked 
|  77|0x0000000084d00000, 0x0000000084d00000, 0x0000000084e00000|  0%| F|  |TAMS 0x0000000084d00000, 0x0000000084d00000| Untracked 
|  78|0x0000000084e00000, 0x0000000084e00000, 0x0000000084f00000|  0%| F|  |TAMS 0x0000000084e00000, 0x0000000084e00000| Untracked 
|  79|0x0000000084f00000, 0x0000000084f00000, 0x0000000085000000|  0%| F|  |TAMS 0x0000000084f00000, 0x0000000084f00000| Untracked 
|  80|0x0000000085000000, 0x0000000085000000, 0x0000000085100000|  0%| F|  |TAMS 0x0000000085000000, 0x0000000085000000| Untracked 
|  81|0x0000000085100000, 0x0000000085100000, 0x0000000085200000|  0%| F|  |TAMS 0x0000000085100000, 0x0000000085100000| Untracked 
|  82|0x0000000085200000, 0x0000000085200000, 0x0000000085300000|  0%| F|  |TAMS 0x0000000085200000, 0x0000000085200000| Untracked 
|  83|0x0000000085300000, 0x0000000085300000, 0x0000000085400000|  0%| F|  |TAMS 0x0000000085300000, 0x0000000085300000| Untracked 
|  84|0x0000000085400000, 0x0000000085400000, 0x0000000085500000|  0%| F|  |TAMS 0x0000000085400000, 0x0000000085400000| Untracked 
|  85|0x0000000085500000, 0x0000000085500000, 0x0000000085600000|  0%| F|  |TAMS 0x0000000085500000, 0x0000000085500000| Untracked 
|  86|0x0000000085600000, 0x0000000085600000, 0x0000000085700000|  0%| F|  |TAMS 0x0000000085600000, 0x0000000085600000| Untracked 
|  87|0x0000000085700000, 0x0000000085700000, 0x0000000085800000|  0%| F|  |TAMS 0x0000000085700000, 0x0000000085700000| Untracked 
|  88|0x0000000085800000, 0x0000000085800000, 0x0000000085900000|  0%| F|  |TAMS 0x0000000085800000, 0x0000000085800000| Untracked 
|  89|0x0000000085900000, 0x0000000085900000, 0x0000000085a00000|  0%| F|  |TAMS 0x0000000085900000, 0x0000000085900000| Untracked 
|  90|0x0000000085a00000, 0x0000000085a00000, 0x0000000085b00000|  0%| F|  |TAMS 0x0000000085a00000, 0x0000000085a00000| Untracked 
|  91|0x0000000085b00000, 0x0000000085b00000, 0x0000000085c00000|  0%| F|  |TAMS 0x0000000085b00000, 0x0000000085b00000| Untracked 
|  92|0x0000000085c00000, 0x0000000085c00000, 0x0000000085d00000|  0%| F|  |TAMS 0x0000000085c00000, 0x0000000085c00000| Untracked 
|  93|0x0000000085d00000, 0x0000000085d00000, 0x0000000085e00000|  0%| F|  |TAMS 0x0000000085d00000, 0x0000000085d00000| Untracked 
|  94|0x0000000085e00000, 0x0000000085e00000, 0x0000000085f00000|  0%| F|  |TAMS 0x0000000085e00000, 0x0000000085e00000| Untracked 
|  95|0x0000000085f00000, 0x0000000085f00000, 0x0000000086000000|  0%| F|  |TAMS 0x0000000085f00000, 0x0000000085f00000| Untracked 
|  96|0x0000000086000000, 0x0000000086000000, 0x0000000086100000|  0%| F|  |TAMS 0x0000000086000000, 0x0000000086000000| Untracked 
|  97|0x0000000086100000, 0x0000000086100000, 0x0000000086200000|  0%| F|  |TAMS 0x0000000086100000, 0x0000000086100000| Untracked 
|  98|0x0000000086200000, 0x0000000086200000, 0x0000000086300000|  0%| F|  |TAMS 0x0000000086200000, 0x0000000086200000| Untracked 
|  99|0x0000000086300000, 0x0000000086300000, 0x0000000086400000|  0%| F|  |TAMS 0x0000000086300000, 0x0000000086300000| Untracked 
| 100|0x0000000086400000, 0x0000000086400000, 0x0000000086500000|  0%| F|  |TAMS 0x0000000086400000, 0x0000000086400000| Untracked 
| 101|0x0000000086500000, 0x0000000086500000, 0x0000000086600000|  0%| F|  |TAMS 0x0000000086500000, 0x0000000086500000| Untracked 
| 102|0x0000000086600000, 0x0000000086600000, 0x0000000086700000|  0%| F|  |TAMS 0x0000000086600000, 0x0000000086600000| Untracked 
| 103|0x0000000086700000, 0x0000000086700000, 0x0000000086800000|  0%| F|  |TAMS 0x0000000086700000, 0x0000000086700000| Untracked 
| 104|0x0000000086800000, 0x0000000086800000, 0x0000000086900000|  0%| F|  |TAMS 0x0000000086800000, 0x0000000086800000| Untracked 
| 105|0x0000000086900000, 0x0000000086900000, 0x0000000086a00000|  0%| F|  |TAMS 0x0000000086900000, 0x0000000086900000| Untracked 
| 106|0x0000000086a00000, 0x0000000086a00000, 0x0000000086b00000|  0%| F|  |TAMS 0x0000000086a00000, 0x0000000086a00000| Untracked 
| 107|0x0000000086b00000, 0x0000000086b00000, 0x0000000086c00000|  0%| F|  |TAMS 0x0000000086b00000, 0x0000000086b00000| Untracked 
| 108|0x0000000086c00000, 0x0000000086c00000, 0x0000000086d00000|  0%| F|  |TAMS 0x0000000086c00000, 0x0000000086c00000| Untracked 
| 109|0x0000000086d00000, 0x0000000086d00000, 0x0000000086e00000|  0%| F|  |TAMS 0x0000000086d00000, 0x0000000086d00000| Untracked 
| 110|0x0000000086e00000, 0x0000000086e00000, 0x0000000086f00000|  0%| F|  |TAMS 0x0000000086e00000, 0x0000000086e00000| Untracked 
| 111|0x0000000086f00000, 0x0000000086f00000, 0x0000000087000000|  0%| F|  |TAMS 0x0000000086f00000, 0x0000000086f00000| Untracked 
| 112|0x0000000087000000, 0x0000000087000000, 0x0000000087100000|  0%| F|  |TAMS 0x0000000087000000, 0x0000000087000000| Untracked 
| 113|0x0000000087100000, 0x0000000087100000, 0x0000000087200000|  0%| F|  |TAMS 0x0000000087100000, 0x0000000087100000| Untracked 
| 114|0x0000000087200000, 0x0000000087200000, 0x0000000087300000|  0%| F|  |TAMS 0x0000000087200000, 0x0000000087200000| Untracked 
| 115|0x0000000087300000, 0x0000000087300000, 0x0000000087400000|  0%| F|  |TAMS 0x0000000087300000, 0x0000000087300000| Untracked 
| 116|0x0000000087400000, 0x0000000087400000, 0x0000000087500000|  0%| F|  |TAMS 0x0000000087400000, 0x0000000087400000| Untracked 
| 117|0x0000000087500000, 0x0000000087500000, 0x0000000087600000|  0%| F|  |TAMS 0x0000000087500000, 0x0000000087500000| Untracked 
| 118|0x0000000087600000, 0x0000000087600000, 0x0000000087700000|  0%| F|  |TAMS 0x0000000087600000, 0x0000000087600000| Untracked 
| 119|0x0000000087700000, 0x0000000087700000, 0x0000000087800000|  0%| F|  |TAMS 0x0000000087700000, 0x0000000087700000| Untracked 
| 120|0x0000000087800000, 0x0000000087800000, 0x0000000087900000|  0%| F|  |TAMS 0x0000000087800000, 0x0000000087800000| Untracked 
| 121|0x0000000087900000, 0x0000000087900000, 0x0000000087a00000|  0%| F|  |TAMS 0x0000000087900000, 0x0000000087900000| Untracked 
| 122|0x0000000087a00000, 0x0000000087a00000, 0x0000000087b00000|  0%| F|  |TAMS 0x0000000087a00000, 0x0000000087a00000| Untracked 
| 123|0x0000000087b00000, 0x0000000087b00000, 0x0000000087c00000|  0%| F|  |TAMS 0x0000000087b00000, 0x0000000087b00000| Untracked 
| 124|0x0000000087c00000, 0x0000000087c00000, 0x0000000087d00000|  0%| F|  |TAMS 0x0000000087c00000, 0x0000000087c00000| Untracked 
| 125|0x0000000087d00000, 0x0000000087d00000, 0x0000000087e00000|  0%| F|  |TAMS 0x0000000087d00000, 0x0000000087d00000| Untracked 
| 126|0x0000000087e00000, 0x0000000087e00000, 0x0000000087f00000|  0%| F|  |TAMS 0x0000000087e00000, 0x0000000087e00000| Untracked 
| 127|0x0000000087f00000, 0x0000000087f00000, 0x0000000088000000|  0%| F|  |TAMS 0x0000000087f00000, 0x0000000087f00000| Untracked 
| 128|0x0000000088000000, 0x0000000088000000, 0x0000000088100000|  0%| F|  |TAMS 0x0000000088000000, 0x0000000088000000| Untracked 
| 129|0x0000000088100000, 0x0000000088100000, 0x0000000088200000|  0%| F|  |TAMS 0x0000000088100000, 0x0000000088100000| Untracked 
| 130|0x0000000088200000, 0x0000000088200000, 0x0000000088300000|  0%| F|  |TAMS 0x0000000088200000, 0x0000000088200000| Untracked 
| 131|0x0000000088300000, 0x0000000088300000, 0x0000000088400000|  0%| F|  |TAMS 0x0000000088300000, 0x0000000088300000| Untracked 
| 132|0x0000000088400000, 0x0000000088400000, 0x0000000088500000|  0%| F|  |TAMS 0x0000000088400000, 0x0000000088400000| Untracked 
| 133|0x0000000088500000, 0x0000000088500000, 0x0000000088600000|  0%| F|  |TAMS 0x0000000088500000, 0x0000000088500000| Untracked 
| 134|0x0000000088600000, 0x0000000088600000, 0x0000000088700000|  0%| F|  |TAMS 0x0000000088600000, 0x0000000088600000| Untracked 
| 135|0x0000000088700000, 0x0000000088700000, 0x0000000088800000|  0%| F|  |TAMS 0x0000000088700000, 0x0000000088700000| Untracked 
| 136|0x0000000088800000, 0x0000000088800000, 0x0000000088900000|  0%| F|  |TAMS 0x0000000088800000, 0x0000000088800000| Untracked 
| 137|0x0000000088900000, 0x0000000088900000, 0x0000000088a00000|  0%| F|  |TAMS 0x0000000088900000, 0x0000000088900000| Untracked 
| 138|0x0000000088a00000, 0x0000000088a00000, 0x0000000088b00000|  0%| F|  |TAMS 0x0000000088a00000, 0x0000000088a00000| Untracked 
| 139|0x0000000088b00000, 0x0000000088b00000, 0x0000000088c00000|  0%| F|  |TAMS 0x0000000088b00000, 0x0000000088b00000| Untracked 
| 140|0x0000000088c00000, 0x0000000088c00000, 0x0000000088d00000|  0%| F|  |TAMS 0x0000000088c00000, 0x0000000088c00000| Untracked 
| 141|0x0000000088d00000, 0x0000000088d00000, 0x0000000088e00000|  0%| F|  |TAMS 0x0000000088d00000, 0x0000000088d00000| Untracked 
| 142|0x0000000088e00000, 0x0000000088e00000, 0x0000000088f00000|  0%| F|  |TAMS 0x0000000088e00000, 0x0000000088e00000| Untracked 
| 143|0x0000000088f00000, 0x0000000088f00000, 0x0000000089000000|  0%| F|  |TAMS 0x0000000088f00000, 0x0000000088f00000| Untracked 
| 144|0x0000000089000000, 0x0000000089000000, 0x0000000089100000|  0%| F|  |TAMS 0x0000000089000000, 0x0000000089000000| Untracked 
| 145|0x0000000089100000, 0x0000000089100000, 0x0000000089200000|  0%| F|  |TAMS 0x0000000089100000, 0x0000000089100000| Untracked 
| 146|0x0000000089200000, 0x0000000089200000, 0x0000000089300000|  0%| F|  |TAMS 0x0000000089200000, 0x0000000089200000| Untracked 
| 147|0x0000000089300000, 0x0000000089300000, 0x0000000089400000|  0%| F|  |TAMS 0x0000000089300000, 0x0000000089300000| Untracked 
| 148|0x0000000089400000, 0x0000000089400000, 0x0000000089500000|  0%| F|  |TAMS 0x0000000089400000, 0x0000000089400000| Untracked 
| 149|0x0000000089500000, 0x0000000089500000, 0x0000000089600000|  0%| F|  |TAMS 0x0000000089500000, 0x0000000089500000| Untracked 
| 150|0x0000000089600000, 0x0000000089600000, 0x0000000089700000|  0%| F|  |TAMS 0x0000000089600000, 0x0000000089600000| Untracked 
| 151|0x0000000089700000, 0x0000000089700000, 0x0000000089800000|  0%| F|  |TAMS 0x0000000089700000, 0x0000000089700000| Untracked 
| 152|0x0000000089800000, 0x0000000089800000, 0x0000000089900000|  0%| F|  |TAMS 0x0000000089800000, 0x0000000089800000| Untracked 
| 153|0x0000000089900000, 0x0000000089900000, 0x0000000089a00000|  0%| F|  |TAMS 0x0000000089900000, 0x0000000089900000| Untracked 
| 154|0x0000000089a00000, 0x0000000089a00000, 0x0000000089b00000|  0%| F|  |TAMS 0x0000000089a00000, 0x0000000089a00000| Untracked 
| 155|0x0000000089b00000, 0x0000000089b00000, 0x0000000089c00000|  0%| F|  |TAMS 0x0000000089b00000, 0x0000000089b00000| Untracked 
| 156|0x0000000089c00000, 0x0000000089c00000, 0x0000000089d00000|  0%| F|  |TAMS 0x0000000089c00000, 0x0000000089c00000| Untracked 
| 157|0x0000000089d00000, 0x0000000089d00000, 0x0000000089e00000|  0%| F|  |TAMS 0x0000000089d00000, 0x0000000089d00000| Untracked 
| 158|0x0000000089e00000, 0x0000000089e00000, 0x0000000089f00000|  0%| F|  |TAMS 0x0000000089e00000, 0x0000000089e00000| Untracked 
| 159|0x0000000089f00000, 0x0000000089f00000, 0x000000008a000000|  0%| F|  |TAMS 0x0000000089f00000, 0x0000000089f00000| Untracked 
| 160|0x000000008a000000, 0x000000008a000000, 0x000000008a100000|  0%| F|  |TAMS 0x000000008a000000, 0x000000008a000000| Untracked 
| 161|0x000000008a100000, 0x000000008a100000, 0x000000008a200000|  0%| F|  |TAMS 0x000000008a100000, 0x000000008a100000| Untracked 

Card table byte_map: [0x000001cb7ed90000,0x000001cb7f190000] _byte_map_base: 0x000001cb7e990000

Marking Bits (Prev, Next): (CMBitMap*) 0x000001cb7de5e4e0, (CMBitMap*) 0x000001cb7de5e4a8
 Prev Bits: [0x000001cb14a30000, 0x000001cb16a30000)
 Next Bits: [0x000001cb12a30000, 0x000001cb14a30000)

Polling page: 0x000001cb7df00000

Metaspace:

Usage:
  Non-class:     43.16 MB capacity,    42.40 MB ( 98%) used,   646.19 KB (  1%) free+waste,   128.13 KB ( <1%) overhead. 
      Class:      6.72 MB capacity,     6.27 MB ( 93%) used,   401.29 KB (  6%) free+waste,    61.13 KB ( <1%) overhead. 
       Both:     49.88 MB capacity,    48.68 MB ( 98%) used,     1.02 MB (  2%) free+waste,   189.25 KB ( <1%) overhead. 

Virtual space:
  Non-class space:       44.00 MB reserved,      43.25 MB ( 98%) committed 
      Class space:        1.00 GB reserved,       6.82 MB ( <1%) committed 
             Both:        1.04 GB reserved,      50.07 MB (  5%) committed 

Chunk freelists:
   Non-Class:  27.00 KB
       Class:  0 bytes
        Both:  27.00 KB

MaxMetaspaceSize: 17179869184.00 GB
CompressedClassSpaceSize: 1.00 GB
Initial GC threshold: 20.80 MB
Current GC threshold: 83.46 MB
CDS: off

CodeHeap 'non-profiled nmethods': size=120000Kb used=3069Kb max_used=3069Kb free=116930Kb
 bounds [0x000001cb0b500000, 0x000001cb0b800000, 0x000001cb12a30000]
CodeHeap 'profiled nmethods': size=120000Kb used=11824Kb max_used=11824Kb free=108176Kb
 bounds [0x000001cb03fd0000, 0x000001cb04b60000, 0x000001cb0b500000]
CodeHeap 'non-nmethods': size=5760Kb used=2304Kb max_used=2367Kb free=3455Kb
 bounds [0x000001cb03a30000, 0x000001cb03ca0000, 0x000001cb03fd0000]
 total_blobs=5948 nmethods=5150 adapters=710
 compilation: enabled
              stopped_count=0, restarted_count=0
 full_count=0

Compilation events (20 events):
Event: 72.416 Thread 0x000001cb18c11000 nmethod 4791 0x000001cb0b7f9010 code [0x000001cb0b7f91a0, 0x000001cb0b7f9478]
Event: 72.417 Thread 0x000001cb18c11000 4998       4       org.objectweb.asm.ByteVector::put11 (52 bytes)
Event: 72.429 Thread 0x000001cb18c11000 nmethod 4998 0x000001cb0b7f9510 code [0x000001cb0b7f96c0, 0x000001cb0b7f9bb8]
Event: 72.429 Thread 0x000001cb18c11000 5093       4       java.util.Calendar::complete (40 bytes)
Event: 72.430 Thread 0x000001cb18c11000 nmethod 5093 0x000001cb0b7f9d90 code [0x000001cb0b7f9f20, 0x000001cb0b7f9fd8]
Event: 72.430 Thread 0x000001cb18c11000 5017       4       org.objectweb.asm.MethodWriter::visitInsn (115 bytes)
Event: 72.473 Thread 0x000001cb18c11000 nmethod 5017 0x000001cb0b7fa090 code [0x000001cb0b7fa280, 0x000001cb0b7fb0c8]
Event: 72.473 Thread 0x000001cb18c11000 5032       4       org.objectweb.asm.MethodWriter::visitMethodInsn (191 bytes)
Event: 72.531 Thread 0x000001cb18c14800 5300 %     3       sun.security.provider.ByteArrayAccess::i2bLittle @ 54 (204 bytes)
Event: 72.533 Thread 0x000001cb18c14800 nmethod 5300% 0x000001cb04b5b810 code [0x000001cb04b5ba00, 0x000001cb04b5be28]
Event: 72.623 Thread 0x000001cb18c11000 nmethod 5032 0x000001cb0b7fb690 code [0x000001cb0b7fb8e0, 0x000001cb0b7fd818]
Event: 72.623 Thread 0x000001cb18c11000 5301       4       org.gradle.api.internal.file.archive.impl.JdkZipEntry::getName (8 bytes)
Event: 72.624 Thread 0x000001cb18c11000 nmethod 5301 0x000001cb0b7fe990 code [0x000001cb0b7feb20, 0x000001cb0b7febb8]
Event: 72.625 Thread 0x000001cb18c11000 5043       4       org.objectweb.asm.MethodVisitor::<init> (94 bytes)
Event: 72.627 Thread 0x000001cb18c11000 nmethod 5043 0x000001cb0b7fec90 code [0x000001cb0b7fee20, 0x000001cb0b7fef78]
Event: 72.627 Thread 0x000001cb18c11000 5296       4       java.util.stream.AbstractPipeline::sourceSpliterator (265 bytes)
Event: 72.630 Thread 0x000001cb18c11000 nmethod 5296 0x000001cb0b7ff010 code [0x000001cb0b7ff1a0, 0x000001cb0b7ff2d8]
Event: 72.630 Thread 0x000001cb18c11000 5152       4       org.gradle.internal.classpath.InstrumentingBackwardsCompatibilityVisitor::access$100 (5 bytes)
Event: 72.631 Thread 0x000001cb18c11000 nmethod 5152 0x000001cb0b7ff410 code [0x000001cb0b7ff5a0, 0x000001cb0b7ff608]
Event: 72.631 Thread 0x000001cb18c11000 5064       4       org.objectweb.asm.MethodWriter::visitLocalVariable (222 bytes)

GC Heap History (20 events):
Event: 66.605 GC heap after
{Heap after GC invocations=26 (full 0):
 garbage-first heap   total 138240K, used 57804K [0x0000000080000000, 0x0000000100000000)
  region size 1024K, 1 young (1024K), 1 survivors (1024K)
 Metaspace       used 49689K, capacity 50971K, committed 51276K, reserved 1093632K
  class space    used 6397K, capacity 6869K, committed 6988K, reserved 1048576K
}
Event: 67.089 GC heap before
{Heap before GC invocations=27 (full 0):
 garbage-first heap   total 138240K, used 104908K [0x0000000080000000, 0x0000000100000000)
  region size 1024K, 47 young (48128K), 1 survivors (1024K)
 Metaspace       used 49689K, capacity 50971K, committed 51276K, reserved 1093632K
  class space    used 6397K, capacity 6869K, committed 6988K, reserved 1048576K
}
Event: 67.092 GC heap after
{Heap after GC invocations=28 (full 0):
 garbage-first heap   total 138240K, used 58063K [0x0000000080000000, 0x0000000100000000)
  region size 1024K, 1 young (1024K), 1 survivors (1024K)
 Metaspace       used 49689K, capacity 50971K, committed 51276K, reserved 1093632K
  class space    used 6397K, capacity 6869K, committed 6988K, reserved 1048576K
}
Event: 67.578 GC heap before
{Heap before GC invocations=28 (full 0):
 garbage-first heap   total 138240K, used 107215K [0x0000000080000000, 0x0000000100000000)
  region size 1024K, 49 young (50176K), 1 survivors (1024K)
 Metaspace       used 49689K, capacity 50971K, committed 51276K, reserved 1093632K
  class space    used 6397K, capacity 6869K, committed 6988K, reserved 1048576K
}
Event: 67.582 GC heap after
{Heap after GC invocations=29 (full 0):
 garbage-first heap   total 138240K, used 58407K [0x0000000080000000, 0x0000000100000000)
  region size 1024K, 2 young (2048K), 2 survivors (2048K)
 Metaspace       used 49689K, capacity 50971K, committed 51276K, reserved 1093632K
  class space    used 6397K, capacity 6869K, committed 6988K, reserved 1048576K
}
Event: 68.162 GC heap before
{Heap before GC invocations=29 (full 0):
 garbage-first heap   total 138240K, used 107559K [0x0000000080000000, 0x0000000100000000)
  region size 1024K, 50 young (51200K), 2 survivors (2048K)
 Metaspace       used 49689K, capacity 50971K, committed 51276K, reserved 1093632K
  class space    used 6397K, capacity 6869K, committed 6988K, reserved 1048576K
}
Event: 68.166 GC heap after
{Heap after GC invocations=30 (full 0):
 garbage-first heap   total 138240K, used 59006K [0x0000000080000000, 0x0000000100000000)
  region size 1024K, 2 young (2048K), 2 survivors (2048K)
 Metaspace       used 49689K, capacity 50971K, committed 51276K, reserved 1093632K
  class space    used 6397K, capacity 6869K, committed 6988K, reserved 1048576K
}
Event: 68.658 GC heap before
{Heap before GC invocations=30 (full 0):
 garbage-first heap   total 138240K, used 110206K [0x0000000080000000, 0x0000000100000000)
  region size 1024K, 52 young (53248K), 2 survivors (2048K)
 Metaspace       used 49689K, capacity 50971K, committed 51276K, reserved 1093632K
  class space    used 6397K, capacity 6869K, committed 6988K, reserved 1048576K
}
Event: 68.665 GC heap after
{Heap after GC invocations=31 (full 0):
 garbage-first heap   total 138240K, used 59613K [0x0000000080000000, 0x0000000100000000)
  region size 1024K, 3 young (3072K), 3 survivors (3072K)
 Metaspace       used 49689K, capacity 50971K, committed 51276K, reserved 1093632K
  class space    used 6397K, capacity 6869K, committed 6988K, reserved 1048576K
}
Event: 69.182 GC heap before
{Heap before GC invocations=31 (full 0):
 garbage-first heap   total 138240K, used 110813K [0x0000000080000000, 0x0000000100000000)
  region size 1024K, 53 young (54272K), 3 survivors (3072K)
 Metaspace       used 49689K, capacity 50971K, committed 51276K, reserved 1093632K
  class space    used 6397K, capacity 6869K, committed 6988K, reserved 1048576K
}
Event: 69.187 GC heap after
{Heap after GC invocations=32 (full 0):
 garbage-first heap   total 138240K, used 59867K [0x0000000080000000, 0x0000000100000000)
  region size 1024K, 3 young (3072K), 3 survivors (3072K)
 Metaspace       used 49689K, capacity 50971K, committed 51276K, reserved 1093632K
  class space    used 6397K, capacity 6869K, committed 6988K, reserved 1048576K
}
Event: 69.606 GC heap before
{Heap before GC invocations=32 (full 0):
 garbage-first heap   total 138240K, used 112091K [0x0000000080000000, 0x0000000100000000)
  region size 1024K, 54 young (55296K), 3 survivors (3072K)
 Metaspace       used 49690K, capacity 50971K, committed 51276K, reserved 1093632K
  class space    used 6397K, capacity 6869K, committed 6988K, reserved 1048576K
}
Event: 69.615 GC heap after
{Heap after GC invocations=33 (full 0):
 garbage-first heap   total 165888K, used 60428K [0x0000000080000000, 0x0000000100000000)
  region size 1024K, 4 young (4096K), 4 survivors (4096K)
 Metaspace       used 49690K, capacity 50971K, committed 51276K, reserved 1093632K
  class space    used 6397K, capacity 6869K, committed 6988K, reserved 1048576K
}
Event: 70.177 GC heap before
{Heap before GC invocations=33 (full 0):
 garbage-first heap   total 165888K, used 120844K [0x0000000080000000, 0x0000000100000000)
  region size 1024K, 63 young (64512K), 4 survivors (4096K)
 Metaspace       used 49690K, capacity 50971K, committed 51276K, reserved 1093632K
  class space    used 6397K, capacity 6869K, committed 6988K, reserved 1048576K
}
Event: 70.184 GC heap after
{Heap after GC invocations=34 (full 0):
 garbage-first heap   total 165888K, used 60663K [0x0000000080000000, 0x0000000100000000)
  region size 1024K, 4 young (4096K), 4 survivors (4096K)
 Metaspace       used 49690K, capacity 50971K, committed 51276K, reserved 1093632K
  class space    used 6397K, capacity 6869K, committed 6988K, reserved 1048576K
}
Event: 70.753 GC heap before
{Heap before GC invocations=34 (full 0):
 garbage-first heap   total 165888K, used 134391K [0x0000000080000000, 0x0000000100000000)
  region size 1024K, 76 young (77824K), 4 survivors (4096K)
 Metaspace       used 49690K, capacity 50971K, committed 51276K, reserved 1093632K
  class space    used 6397K, capacity 6869K, committed 6988K, reserved 1048576K
}
Event: 70.761 GC heap after
{Heap after GC invocations=35 (full 0):
 garbage-first heap   total 165888K, used 61441K [0x0000000080000000, 0x0000000100000000)
  region size 1024K, 5 young (5120K), 5 survivors (5120K)
 Metaspace       used 49690K, capacity 50971K, committed 51276K, reserved 1093632K
  class space    used 6397K, capacity 6869K, committed 6988K, reserved 1048576K
}
Event: 71.443 GC heap before
{Heap before GC invocations=35 (full 0):
 garbage-first heap   total 165888K, used 137217K [0x0000000080000000, 0x0000000100000000)
  region size 1024K, 79 young (80896K), 5 survivors (5120K)
 Metaspace       used 49691K, capacity 50971K, committed 51276K, reserved 1093632K
  class space    used 6397K, capacity 6869K, committed 6988K, reserved 1048576K
}
Event: 71.450 GC heap after
{Heap after GC invocations=36 (full 0):
 garbage-first heap   total 165888K, used 58073K [0x0000000080000000, 0x0000000100000000)
  region size 1024K, 5 young (5120K), 5 survivors (5120K)
 Metaspace       used 49691K, capacity 50971K, committed 51276K, reserved 1093632K
  class space    used 6397K, capacity 6869K, committed 6988K, reserved 1048576K
}
Event: 72.689 GC heap before
{Heap before GC invocations=36 (full 0):
 garbage-first heap   total 165888K, used 144089K [0x0000000080000000, 0x0000000100000000)
  region size 1024K, 86 young (88064K), 5 survivors (5120K)
 Metaspace       used 49843K, capacity 51080K, committed 51276K, reserved 1093632K
  class space    used 6420K, capacity 6883K, committed 6988K, reserved 1048576K
}

Deoptimization events (20 events):
Event: 67.564 Thread 0x000001cb1b557800 DEOPT PACKING pc=0x000001cb0b78e0b8 sp=0x00000040a1afda10
Event: 67.564 Thread 0x000001cb1b557800 DEOPT UNPACKING pc=0x000001cb03a7a1af sp=0x00000040a1afd9b8 mode 2
Event: 70.914 Thread 0x000001cb1b557800 Uncommon trap: trap_request=0xffffff4d fr.pc=0x000001cb0b79ae34 relative=0x000000000000bcb4
Event: 70.914 Thread 0x000001cb1b557800 Uncommon trap: reason=unstable_if action=reinterpret pc=0x000001cb0b79ae34 method=org.objectweb.asm.ClassReader.readCode(Lorg/objectweb/asm/MethodVisitor;Lorg/objectweb/asm/Context;I)V @ 2393 c2
Event: 70.914 Thread 0x000001cb1b557800 DEOPT PACKING pc=0x000001cb0b79ae34 sp=0x00000040a1afde90
Event: 70.914 Thread 0x000001cb1b557800 DEOPT UNPACKING pc=0x000001cb03a7a1af sp=0x00000040a1afde28 mode 2
Event: 71.217 Thread 0x000001cb1b557800 Uncommon trap: trap_request=0xffffff4d fr.pc=0x000001cb0b773104 relative=0x0000000000008144
Event: 71.217 Thread 0x000001cb1b557800 Uncommon trap: reason=unstable_if action=reinterpret pc=0x000001cb0b773104 method=org.objectweb.asm.ClassReader.readElementValue(Lorg/objectweb/asm/AnnotationVisitor;ILjava/lang/String;[C)I @ 454 c2
Event: 71.217 Thread 0x000001cb1b557800 DEOPT PACKING pc=0x000001cb0b773104 sp=0x00000040a1afde80
Event: 71.217 Thread 0x000001cb1b557800 DEOPT UNPACKING pc=0x000001cb03a7a1af sp=0x00000040a1afde50 mode 2
Event: 72.194 Thread 0x000001cb1b555000 Uncommon trap: trap_request=0xffffffc6 fr.pc=0x000001cb0b6083ac relative=0x0000000000000ecc
Event: 72.194 Thread 0x000001cb1b555000 Uncommon trap: reason=bimorphic_or_optimized_type_check action=maybe_recompile pc=0x000001cb0b6083ac method=java.io.DataOutputStream.writeShort(I)V @ 12 c2
Event: 72.194 Thread 0x000001cb1b555000 DEOPT PACKING pc=0x000001cb0b6083ac sp=0x00000040a16fe2c0
Event: 72.194 Thread 0x000001cb1b555000 DEOPT UNPACKING pc=0x000001cb03a7a1af sp=0x00000040a16fe2c8 mode 2
Event: 72.205 Thread 0x000001cb1ab9f800 DEOPT PACKING pc=0x000001cb044f6804 sp=0x00000040a09f8970
Event: 72.205 Thread 0x000001cb1ab9f800 DEOPT UNPACKING pc=0x000001cb03a7a95e sp=0x00000040a09f7f48 mode 0
Event: 72.225 Thread 0x000001cb1ab9f800 Uncommon trap: trap_request=0xffffff4d fr.pc=0x000001cb0b55dbfc relative=0x000000000000059c
Event: 72.225 Thread 0x000001cb1ab9f800 Uncommon trap: reason=unstable_if action=reinterpret pc=0x000001cb0b55dbfc method=java.util.jar.Manifest$FastInputStream.readLine([BII)I @ 130 c2
Event: 72.225 Thread 0x000001cb1ab9f800 DEOPT PACKING pc=0x000001cb0b55dbfc sp=0x00000040a09f8a50
Event: 72.225 Thread 0x000001cb1ab9f800 DEOPT UNPACKING pc=0x000001cb03a7a1af sp=0x00000040a09f89e0 mode 2

Classes redefined (0 events):
No events

Internal exceptions (20 events):
Event: 61.470 Thread 0x000001cb1ab9f800 Exception <a 'java/lang/ClassNotFoundException'{0x0000000085b84540}: sync_studio_tooling57_ssce15hf8d1zs321y3m1q3x0BeanInfo> (0x0000000085b84540) thrown at [./src/hotspot/share/classfile/systemDictionary.cpp, line 231]
Event: 61.471 Thread 0x000001cb1ab9f800 Exception <a 'java/lang/ClassNotFoundException'{0x0000000085a42058}: sync_studio_tooling57_ssce15hf8d1zs321y3m1q3x0Customizer> (0x0000000085a42058) thrown at [./src/hotspot/share/classfile/systemDictionary.cpp, line 231]
Event: 61.483 Thread 0x000001cb1ab9f800 Exception <a 'java/lang/ClassNotFoundException'{0x0000000085ab8cb0}: org/gradle/internal/metaobject/ConfigureDelegateBeanInfo> (0x0000000085ab8cb0) thrown at [./src/hotspot/share/classfile/systemDictionary.cpp, line 231]
Event: 61.485 Thread 0x000001cb1ab9f800 Exception <a 'java/lang/ClassNotFoundException'{0x0000000085add6d0}: org/gradle/internal/metaobject/ConfigureDelegateCustomizer> (0x0000000085add6d0) thrown at [./src/hotspot/share/classfile/systemDictionary.cpp, line 231]
Event: 61.500 Thread 0x000001cb1ab9f800 Exception <a 'java/lang/ClassNotFoundException'{0x000000008595d0d0}: org/gradle/api/internal/initialization/DefaultScriptHandlerBeanInfo> (0x000000008595d0d0) thrown at [./src/hotspot/share/classfile/systemDictionary.cpp, line 231]
Event: 61.501 Thread 0x000001cb1ab9f800 Exception <a 'java/lang/ClassNotFoundException'{0x0000000085985578}: org/gradle/api/internal/initialization/DefaultScriptHandlerCustomizer> (0x0000000085985578) thrown at [./src/hotspot/share/classfile/systemDictionary.cpp, line 231]
Event: 61.710 Thread 0x000001cb1ab9f800 Exception <a 'java/lang/ClassNotFoundException'{0x00000000850a2698}: org/gradle/api/internal/artifacts/dsl/dependencies/DefaultDependencyHandler_DecoratedBeanInfo> (0x00000000850a2698) thrown at [./src/hotspot/share/classfile/systemDictionary.cpp, line 231]
Event: 61.712 Thread 0x000001cb1ab9f800 Exception <a 'java/lang/ClassNotFoundException'{0x00000000850de4c0}: org/gradle/api/internal/artifacts/dsl/dependencies/DefaultDependencyHandlerBeanInfo> (0x00000000850de4c0) thrown at [./src/hotspot/share/classfile/systemDictionary.cpp, line 231]
Event: 61.713 Thread 0x000001cb1ab9f800 Exception <a 'java/lang/ClassNotFoundException'{0x0000000084f1a988}: org/gradle/api/internal/artifacts/dsl/dependencies/DefaultDependencyHandlerCustomizer> (0x0000000084f1a988) thrown at [./src/hotspot/share/classfile/systemDictionary.cpp, line 231]
Event: 61.717 Thread 0x000001cb1ab9f800 Exception <a 'java/lang/ClassNotFoundException'{0x0000000084f7dbe0}: org/gradle/api/internal/artifacts/dsl/dependencies/DefaultDependencyHandler_DecoratedCustomizer> (0x0000000084f7dbe0) thrown at [./src/hotspot/share/classfile/systemDictionary.cpp, line 231]
Event: 61.943 Thread 0x000001cb1ab9f800 Exception <a 'java/lang/NoSuchMethodError'{0x0000000086ce9168}: 'int java.lang.invoke.DirectMethodHandle$Holder.invokeInterface(java.lang.Object, java.lang.Object)'> (0x0000000086ce9168) thrown at [./src/hotspot/share/interpreter/linkResolver.cpp, line 773]
Event: 61.944 Thread 0x000001cb1ab9f800 Exception <a 'java/lang/IncompatibleClassChangeError'{0x0000000086cecc48}: Found class java.lang.Object, but interface was expected> (0x0000000086cecc48) thrown at [./src/hotspot/share/interpreter/linkResolver.cpp, line 839]
Event: 62.095 Thread 0x000001cb1ab9f800 Exception <a 'java/lang/NoSuchMethodError'{0x0000000086474990}: 'java.lang.Object java.lang.invoke.Invokers$Holder.linkToTargetMethod(java.lang.Object, int, java.lang.Object)'> (0x0000000086474990) thrown at [./src/hotspot/share/interpreter/linkResolver.cpp, line 773]
Event: 62.137 Thread 0x000001cb1ab9f800 Exception <a 'java/lang/NoSuchMethodError'{0x00000000862f0258}: 'int java.lang.invoke.DirectMethodHandle$Holder.invokeStaticInit(java.lang.Object)'> (0x00000000862f0258) thrown at [./src/hotspot/share/interpreter/linkResolver.cpp, line 773]
Event: 62.161 Thread 0x000001cb1b55a000 Exception <a 'sun/nio/fs/WindowsException'{0x00000000861f6cf0}> (0x00000000861f6cf0) thrown at [./src/hotspot/share/prims/jni.cpp, line 615]
Event: 62.234 Thread 0x000001cb1b557800 Exception <a 'sun/nio/fs/WindowsException'{0x00000000857f83a8}> (0x00000000857f83a8) thrown at [./src/hotspot/share/prims/jni.cpp, line 615]
Event: 63.066 Thread 0x000001cb1b55a000 Exception <a 'sun/nio/fs/WindowsException'{0x0000000086096fe0}> (0x0000000086096fe0) thrown at [./src/hotspot/share/prims/jni.cpp, line 615]
Event: 63.067 Thread 0x000001cb1b55a000 Exception <a 'sun/nio/fs/WindowsException'{0x00000000860971a8}> (0x00000000860971a8) thrown at [./src/hotspot/share/prims/jni.cpp, line 615]
Event: 71.459 Thread 0x000001cb1b557800 Exception <a 'sun/nio/fs/WindowsException'{0x000000008a133d80}> (0x000000008a133d80) thrown at [./src/hotspot/share/prims/jni.cpp, line 615]
Event: 71.460 Thread 0x000001cb1b557800 Exception <a 'sun/nio/fs/WindowsException'{0x000000008a133ee8}> (0x000000008a133ee8) thrown at [./src/hotspot/share/prims/jni.cpp, line 615]

Events (20 events):
Event: 72.222 loading class org/gradle/api/internal/changedetection/state/DefaultZipEntryContext$ZipEntryRelativePath done
Event: 72.223 loading class org/gradle/api/internal/changedetection/state/MetaInfAwareClasspathResourceHasher
Event: 72.223 loading class org/gradle/api/internal/changedetection/state/MetaInfAwareClasspathResourceHasher done
Event: 72.224 Executing VM operation: Deoptimize
Event: 72.225 Executing VM operation: Deoptimize done
Event: 72.227 loading class java/util/HashMap$EntrySpliterator
Event: 72.227 loading class java/util/HashMap$EntrySpliterator done
Event: 72.228 loading class org/gradle/api/internal/changedetection/state/MetaInfAwareClasspathResourceHasher
Event: 72.228 loading class org/gradle/api/internal/changedetection/state/MetaInfAwareClasspathResourceHasher done
Event: 72.229 loading class java/util/stream/SortedOps$OfRef
Event: 72.229 loading class java/util/stream/ReferencePipeline$StatefulOp
Event: 72.229 loading class java/util/stream/ReferencePipeline$StatefulOp done
Event: 72.229 loading class java/util/stream/SortedOps$OfRef done
Event: 72.230 loading class java/util/stream/SortedOps$RefSortingSink
Event: 72.230 loading class java/util/stream/SortedOps$AbstractRefSortingSink
Event: 72.230 loading class java/util/stream/SortedOps$AbstractRefSortingSink done
Event: 72.230 loading class java/util/stream/SortedOps$RefSortingSink done
Event: 72.233 loading class org/gradle/api/internal/file/archive/ZipEntry$InputStreamAction
Event: 72.233 loading class org/gradle/api/internal/file/archive/ZipEntry$InputStreamAction done
Event: 72.689 Executing VM operation: G1CollectForAllocation


Dynamic libraries:
0x00007ff6c5820000 - 0x00007ff6c582a000 	D:\Android\Android Studio Preview\jre\bin\java.exe
0x00007ffa954f0000 - 0x00007ffa956e5000 	C:\WINDOWS\SYSTEM32\ntdll.dll
0x00007ffa953c0000 - 0x00007ffa9547e000 	C:\WINDOWS\System32\KERNEL32.DLL
0x00007ffa92eb0000 - 0x00007ffa93178000 	C:\WINDOWS\System32\KERNELBASE.dll
0x00007ffa93180000 - 0x00007ffa93280000 	C:\WINDOWS\System32\ucrtbase.dll
0x00007ffa85280000 - 0x00007ffa85299000 	D:\Android\Android Studio Preview\jre\bin\jli.dll
0x00007ffa898d0000 - 0x00007ffa898e7000 	D:\Android\Android Studio Preview\jre\bin\VCRUNTIME140.dll
0x00007ffa93520000 - 0x00007ffa936c0000 	C:\WINDOWS\System32\USER32.dll
0x00007ffa86a50000 - 0x00007ffa86cea000 	C:\WINDOWS\WinSxS\amd64_microsoft.windows.common-controls_6595b64144ccf1df_6.0.19041.1110_none_60b5254171f9507e\COMCTL32.dll
0x00007ffa92cf0000 - 0x00007ffa92d12000 	C:\WINDOWS\System32\win32u.dll
0x00007ffa94af0000 - 0x00007ffa94b8e000 	C:\WINDOWS\System32\msvcrt.dll
0x00007ffa95390000 - 0x00007ffa953ba000 	C:\WINDOWS\System32\GDI32.dll
0x00007ffa92be0000 - 0x00007ffa92ceb000 	C:\WINDOWS\System32\gdi32full.dll
0x00007ffa93380000 - 0x00007ffa9341d000 	C:\WINDOWS\System32\msvcp_win.dll
0x00007ffa94880000 - 0x00007ffa948b0000 	C:\WINDOWS\System32\IMM32.DLL
0x00007ffa5fd90000 - 0x00007ffa5fe2d000 	D:\Android\Android Studio Preview\jre\bin\msvcp140.dll
0x00007ffa210a0000 - 0x00007ffa21b85000 	D:\Android\Android Studio Preview\jre\bin\server\jvm.dll
0x00007ffa939f0000 - 0x00007ffa93a9e000 	C:\WINDOWS\System32\ADVAPI32.dll
0x00007ffa93950000 - 0x00007ffa939ec000 	C:\WINDOWS\System32\sechost.dll
0x00007ffa936c0000 - 0x00007ffa937e5000 	C:\WINDOWS\System32\RPCRT4.dll
0x00007ffa93940000 - 0x00007ffa93948000 	C:\WINDOWS\System32\PSAPI.DLL
0x00007ffa8a4c0000 - 0x00007ffa8a4ca000 	C:\WINDOWS\SYSTEM32\VERSION.dll
0x00007ffa8fc10000 - 0x00007ffa8fc37000 	C:\WINDOWS\SYSTEM32\WINMM.dll
0x00007ffa6b700000 - 0x00007ffa6b709000 	C:\WINDOWS\SYSTEM32\WSOCK32.dll
0x00007ffa937f0000 - 0x00007ffa9385b000 	C:\WINDOWS\System32\WS2_32.dll
0x00007ffa90ce0000 - 0x00007ffa90cf2000 	C:\WINDOWS\SYSTEM32\kernel.appcore.dll
0x00007ffa891f0000 - 0x00007ffa89201000 	D:\Android\Android Studio Preview\jre\bin\verify.dll
0x00007ffa903f0000 - 0x00007ffa905d4000 	C:\WINDOWS\SYSTEM32\DBGHELP.DLL
0x00007ffa7ed60000 - 0x00007ffa7ed8c000 	C:\WINDOWS\SYSTEM32\dbgcore.DLL
0x00007ffa93490000 - 0x00007ffa93512000 	C:\WINDOWS\System32\bcryptPrimitives.dll
0x00007ffa851f0000 - 0x00007ffa85219000 	D:\Android\Android Studio Preview\jre\bin\java.dll
0x00007ffa8f570000 - 0x00007ffa8f57b000 	D:\Android\Android Studio Preview\jre\bin\jimage.dll
0x00007ffa822e0000 - 0x00007ffa822f8000 	D:\Android\Android Studio Preview\jre\bin\zip.dll
0x00007ffa94130000 - 0x00007ffa94874000 	C:\WINDOWS\System32\SHELL32.dll
0x00007ffa90d00000 - 0x00007ffa91494000 	C:\WINDOWS\SYSTEM32\windows.storage.dll
0x00007ffa93dd0000 - 0x00007ffa94124000 	C:\WINDOWS\System32\combase.dll
0x00007ffa92650000 - 0x00007ffa9267c000 	C:\WINDOWS\SYSTEM32\Wldp.dll
0x00007ffa93aa0000 - 0x00007ffa93b4d000 	C:\WINDOWS\System32\SHCORE.dll
0x00007ffa950c0000 - 0x00007ffa95115000 	C:\WINDOWS\System32\shlwapi.dll
0x00007ffa92b20000 - 0x00007ffa92b3f000 	C:\WINDOWS\SYSTEM32\profapi.dll
0x00007ffa7f980000 - 0x00007ffa7f99a000 	D:\Android\Android Studio Preview\jre\bin\net.dll
0x00007ffa8abf0000 - 0x00007ffa8acfa000 	C:\WINDOWS\SYSTEM32\WINHTTP.dll
0x00007ffa92360000 - 0x00007ffa923ca000 	C:\WINDOWS\system32\mswsock.dll
0x00007ffa7f940000 - 0x00007ffa7f954000 	D:\Android\Android Studio Preview\jre\bin\nio.dll
0x00007ffa7f910000 - 0x00007ffa7f937000 	D:\Android\.gradle\native\e1d6ef7f7dcc3fd88c89a11ec53ec762bb8ba0a96d01ffa2cd45eb1d1d8dd5c5\windows-amd64\native-platform.dll
0x00007ffa50840000 - 0x00007ffa50984000 	D:\Android\.gradle\native\5664cfc778a61ccfe75a443a1ab52a65af34e5dc3c78e0209fed803814484fcb\windows-amd64\native-platform-file-events.dll
0x00007ffa8db10000 - 0x00007ffa8db1a000 	D:\Android\Android Studio Preview\jre\bin\management.dll
0x00007ffa898b0000 - 0x00007ffa898bd000 	D:\Android\Android Studio Preview\jre\bin\management_ext.dll
0x00007ffa925a0000 - 0x00007ffa925b8000 	C:\WINDOWS\SYSTEM32\CRYPTSP.dll
0x00007ffa91c60000 - 0x00007ffa91c94000 	C:\WINDOWS\system32\rsaenh.dll
0x00007ffa92e80000 - 0x00007ffa92ea7000 	C:\WINDOWS\System32\bcrypt.dll
0x00007ffa92ae0000 - 0x00007ffa92b0e000 	C:\WINDOWS\SYSTEM32\USERENV.dll
0x00007ffa925c0000 - 0x00007ffa925cc000 	C:\WINDOWS\SYSTEM32\CRYPTBASE.dll
0x00007ffa92030000 - 0x00007ffa9206b000 	C:\WINDOWS\SYSTEM32\IPHLPAPI.DLL
0x00007ffa950b0000 - 0x00007ffa950b8000 	C:\WINDOWS\System32\NSI.dll
0x00007ffa8a9e0000 - 0x00007ffa8a9f7000 	C:\WINDOWS\SYSTEM32\dhcpcsvc6.DLL
0x00007ffa8a930000 - 0x00007ffa8a94d000 	C:\WINDOWS\SYSTEM32\dhcpcsvc.DLL
0x00007ffa92070000 - 0x00007ffa9213b000 	C:\WINDOWS\SYSTEM32\DNSAPI.dll

dbghelp: loaded successfully - version: 4.0.5 - missing functions: none
symbol engine: initialized successfully - sym options: 0x614 - pdb path: .;D:\Android\Android Studio Preview\jre\bin;C:\WINDOWS\SYSTEM32;C:\WINDOWS\WinSxS\amd64_microsoft.windows.common-controls_6595b64144ccf1df_6.0.19041.1110_none_60b5254171f9507e;D:\Android\Android Studio Preview\jre\bin\server;D:\Android\.gradle\native\e1d6ef7f7dcc3fd88c89a11ec53ec762bb8ba0a96d01ffa2cd45eb1d1d8dd5c5\windows-amd64;D:\Android\.gradle\native\5664cfc778a61ccfe75a443a1ab52a65af34e5dc3c78e0209fed803814484fcb\windows-amd64

VM Arguments:
jvm_args: --add-opens=java.base/java.util=ALL-UNNAMED --add-opens=java.base/java.lang=ALL-UNNAMED --add-opens=java.base/java.lang.invoke=ALL-UNNAMED --add-opens=java.base/java.util=ALL-UNNAMED --add-opens=java.prefs/java.util.prefs=ALL-UNNAMED --add-opens=java.prefs/java.util.prefs=ALL-UNNAMED --add-opens=java.base/java.nio.charset=ALL-UNNAMED --add-opens=java.base/java.net=ALL-UNNAMED --add-opens=java.base/java.util.concurrent.atomic=ALL-UNNAMED -Xmx2048m -Dfile.encoding=UTF-8 -Duser.country=RU -Duser.language=ru -Duser.variant 
java_command: org.gradle.launcher.daemon.bootstrap.GradleDaemon 7.3.3
java_class_path (initial): D:\Android\.gradle\wrapper\dists\gradle-7.3.3-bin\6a41zxkdtcxs8rphpq6y0069z\gradle-7.3.3\lib\gradle-launcher-7.3.3.jar
Launcher Type: SUN_STANDARD

[Global flags]
     intx CICompilerCount                          = 4                                         {product} {ergonomic}
     uint ConcGCThreads                            = 2                                         {product} {ergonomic}
     uint G1ConcRefinementThreads                  = 8                                         {product} {ergonomic}
   size_t G1HeapRegionSize                         = 1048576                                   {product} {ergonomic}
    uintx GCDrainStackTargetSize                   = 64                                        {product} {ergonomic}
   size_t InitialHeapSize                          = 117440512                                 {product} {ergonomic}
   size_t MarkStackSize                            = 4194304                                   {product} {ergonomic}
   size_t MaxHeapSize                              = 2147483648                                {product} {command line}
   size_t MaxNewSize                               = 1287651328                                {product} {ergonomic}
   size_t MinHeapDeltaBytes                        = 1048576                                   {product} {ergonomic}
    uintx NonNMethodCodeHeapSize                   = 5836300                                {pd product} {ergonomic}
    uintx NonProfiledCodeHeapSize                  = 122910970                              {pd product} {ergonomic}
    uintx ProfiledCodeHeapSize                     = 122910970                              {pd product} {ergonomic}
    uintx ReservedCodeCacheSize                    = 251658240                              {pd product} {ergonomic}
     bool SegmentedCodeCache                       = true                                      {product} {ergonomic}
     bool UseCompressedClassPointers               = true                                 {lp64_product} {ergonomic}
     bool UseCompressedOops                        = true                                 {lp64_product} {ergonomic}
     bool UseG1GC                                  = true                                      {product} {ergonomic}
     bool UseLargePagesIndividualAllocation        = false                                  {pd product} {ergonomic}

Logging:
Log output configuration:
 #0: stdout all=warning uptime,level,tags
 #1: stderr all=off uptime,level,tags

Environment Variables:
PATH=C:\Program Files (x86)\Common Files\Oracle\Java\javapath;C:\WINDOWS\system32;C:\WINDOWS;C:\WINDOWS\System32\Wbem;C:\WINDOWS\System32\WindowsPowerShell\v1.0\;C:\WINDOWS\System32\OpenSSH\;C:\Program Files\dotnet\;C:\Program Files\Microsoft SQL Server\130\Tools\Binn\;C:\Program Files\Microsoft SQL Server\Client SDK\ODBC\170\Tools\Binn\;D:\JetBrains\Toolbox\apps\AndroidStudio\sdk\platform-tools;D:\JetBrains\Toolbox\apps\AndroidStudio\sdk\tools;C:\Program Files (x86)\dotnet\;C:\Program Files\Git\cmd;C:\Program Files\Git\mingw64\bin;C:\Program Files\Git\usr\bin;C:\Users\ivlad\AppData\Local\Programs\Python\Python38\Scripts\;C:\Users\ivlad\AppData\Local\Programs\Python\Python38\;C:\Users\ivlad\AppData\Local\Microsoft\WindowsApps;D:\JetBrains\PyCharm Community Edition 2021.2.2\bin;;C:\Users\ivlad\AppData\Local\GitHubDesktop\bin;C:\Users\ivlad\.dotnet\tools;;D:\JetBrains\IntelliJ IDEA Community Edition 2021.2.2\bin;;D:\Microsoft VS Code\bin
USERNAME=carline
OS=Windows_NT
PROCESSOR_IDENTIFIER=AMD64 Family 23 Model 24 Stepping 1, AuthenticAMD



---------------  S Y S T E M  ---------------

OS: Windows 10 , 64 bit Build 19041 (10.0.19041.1645)
OS uptime: 4 days 19:23 hours

CPU:total 8 (initial active 8) (8 cores per cpu, 2 threads per core) family 23 model 24 stepping 1 microcode 0x0, cmov, cx8, fxsr, mmx, sse, sse2, sse3, ssse3, sse4.1, sse4.2, popcnt, avx, avx2, aes, clmul, mmxext, 3dnowpref, lzcnt, sse4a, ht, tsc, tscinvbit, tscinv, bmi1, bmi2, adx, sha, fma

Memory: 4k page, system-wide physical 7103M (340M free)
TotalPageFile size 19903M (AvailPageFile size 36M)
current process WorkingSet (physical memory assigned to process): 323M, peak: 338M
current process commit charge ("private bytes"): 362M, peak: 395M

vm_info: OpenJDK 64-Bit Server VM (11.0.12+7-b1504.28-7817840) for windows-amd64 JRE (11.0.12+7-b1504.28-7817840), built on Oct 13 2021 22:12:33 by "builder" with MS VC++ 14.0 (VS2015)

END.
